#-----------------------------------------------------------
# Vivado v2014.2 (64-bit)
# SW Build 932637 on Wed Jun 11 13:33:10 MDT 2014
# IP Build 924643 on Fri May 30 09:20:16 MDT 2014
# Start of session at: Fri Jan 30 13:49:34 2015
# Process ID: 3364
# Log file: C:/DATOS/GIT/VGA/source/vivado/hw/zybo_bsd/zybo_bsd.sdk/webtalk/vivado.log
# Journal file: C:/DATOS/GIT/VGA/source/vivado/hw/zybo_bsd/zybo_bsd.sdk/webtalk\vivado.jou
#-----------------------------------------------------------
source sdk.tcl
# webtalk_init -webtalk_dir C:\\DATOS\\GIT\\VGA\\source\\vivado\\hw\\zybo_bsd\\zybo_bsd.sdk\\webtalk
# webtalk_register_client -client project
# webtalk_add_data -client project -key date_generated -value "vie ene 30 13:49:33 2015" -context "software_version_and_target_device"
# webtalk_add_data -client project -key product_version -value "SDK v2014.2" -context "software_version_and_target_device"
# webtalk_add_data -client project -key build_version -value "2014.2" -context "software_version_and_target_device"
# webtalk_add_data -client project -key os_platform -value "amd64" -context "software_version_and_target_device"
# webtalk_add_data -client project -key registration_id -value "202681517_1777501924_210586115_447" -context "software_version_and_target_device"
# webtalk_add_data -client project -key tool_flow -value "SDK" -context "software_version_and_target_device"
# webtalk_add_data -client project -key beta -value "false" -context "software_version_and_target_device"
# webtalk_add_data -client project -key route_design -value "NA" -context "software_version_and_target_device"
# webtalk_add_data -client project -key target_family -value "NA" -context "software_version_and_target_device"
# webtalk_add_data -client project -key target_device -value "NA" -context "software_version_and_target_device"
# webtalk_add_data -client project -key target_package -value "NA" -context "software_version_and_target_device"
# webtalk_add_data -client project -key target_speed -value "NA" -context "software_version_and_target_device"
# webtalk_add_data -client project -key random_id -value "b75cgdt1lb9ef4egp8p60pel3p" -context "software_version_and_target_device"
# webtalk_add_data -client project -key project_id -value "2014.2_1" -context "software_version_and_target_device"
# webtalk_add_data -client project -key project_iteration -value "1" -context "software_version_and_target_device"
# webtalk_add_data -client project -key os_name -value "Microsoft Windows 7 , 64-bit" -context "user_environment"
# webtalk_add_data -client project -key os_release -value "Service Pack 1  (build 7601)" -context "user_environment"
# webtalk_add_data -client project -key cpu_name -value "Intel(R) Core(TM) i7-2670QM CPU @ 2.20GHz" -context "user_environment"
# webtalk_add_data -client project -key cpu_speed -value "2195 MHz" -context "user_environment"
# webtalk_add_data -client project -key total_processors -value "1" -context "user_environment"
# webtalk_add_data -client project -key system_ram -value "8.000 GB" -context "user_environment"
# webtalk_register_client -client sdk
# webtalk_add_data -client sdk -key uid -value "1422620402563" -context "sdk\\\\hardware/1422620402563"
# webtalk_add_data -client sdk -key isZynq -value "true" -context "sdk\\\\hardware/1422620402563"
# webtalk_add_data -client sdk -key Processors -value "2" -context "sdk\\\\hardware/1422620402563"
# webtalk_add_data -client sdk -key VivadoVersion -value "2014.2" -context "sdk\\\\hardware/1422620402563"
# webtalk_add_data -client sdk -key Arch -value "zynq" -context "sdk\\\\hardware/1422620402563"
# webtalk_add_data -client sdk -key Device -value "7z010" -context "sdk\\\\hardware/1422620402563"
# webtalk_add_data -client sdk -key IsHandoff -value "true" -context "sdk\\\\hardware/1422620402563"
# webtalk_transmit -clientid 3898388755 -regid "202681517_1777501924_210586115_447" -xml C:\\DATOS\\GIT\\VGA\\source\\vivado\\hw\\zybo_bsd\\zybo_bsd.sdk\\webtalk\\usage_statistics_ext_sdk.xml -html C:\\DATOS\\GIT\\VGA\\source\\vivado\\hw\\zybo_bsd\\zybo_bsd.sdk\\webtalk\\usage_statistics_ext_sdk.html -wdm C:\\DATOS\\GIT\\VGA\\source\\vivado\\hw\\zybo_bsd\\zybo_bsd.sdk\\webtalk\\sdk.wdm -intro "<H3>SDK Usage Report</H3><BR>"

    while executing
"webtalk_transmit -clientid 3898388755 -regid "202681517_1777501924_210586115_447" -xml C:\\DATOS\\GIT\\VGA\\source\\vivado\\hw\\zybo_bsd\\zybo_bsd.sdk..."
    (file "sdk.tcl" line 32)
INFO: [Common 17-206] Exiting Vivado at Fri Jan 30 13:49:38 2015...
