10:07:16 INFO  : Processing command line option -hwspec D:/GIT/Zybo/VGA/source/vivado/hw/zybo_bsd/zybo_bsd.sdk/system_wrapper.hdf.
10:41:03 INFO  : FPGA configured successfully with bitstream "D:/GIT/Zybo/VGA/source/vivado/hw/zybo_bsd/zybo_bsd.sdk/system_wrapper_hw_platform_0/system_wrapper.bit"
10:41:22 INFO  : ps7_init is completed.
10:41:22 INFO  : ps7_post_config is completed.
10:41:22 INFO  : Processor reset is completed for ps7_cortexa9_0
10:42:06 INFO  : Processor reset is completed for ps7_cortexa9_0
10:43:01 INFO  : Processor reset is completed for ps7_cortexa9_0
10:44:35 INFO  : FPGA configured successfully with bitstream "D:/GIT/Zybo/VGA/source/vivado/hw/zybo_bsd/zybo_bsd.sdk/system_wrapper_hw_platform_0/system_wrapper.bit"
10:45:08 INFO  : ps7_init is completed.
10:45:08 INFO  : ps7_post_config is completed.
10:45:08 INFO  : Processor reset is completed for ps7_cortexa9_0
10:46:08 ERROR : Unable to disconnect from existing targets
java.lang.NullPointerException
	at com.xilinx.sdk.targetmanager.internal.json.XMDJSONProcess.issueCommand(XMDJSONProcess.java:144)
	at com.xilinx.sdk.targetmanager.internal.TM.disconnectTarget(TM.java:338)
	at com.xilinx.sdk.targetmanager.internal.TM.disconnectExistingTargets(TM.java:320)
	at com.xilinx.sdk.targetmanager.internal.TM.terminate(TM.java:210)
	at com.xilinx.sdk.targetmanager.TMPlugin.stop(TMPlugin.java:57)
	at org.eclipse.osgi.framework.internal.core.BundleContextImpl$2.run(BundleContextImpl.java:771)
	at java.security.AccessController.doPrivileged(Native Method)
	at org.eclipse.osgi.framework.internal.core.BundleContextImpl.stop(BundleContextImpl.java:764)
	at org.eclipse.osgi.framework.internal.core.BundleHost.stopWorker(BundleHost.java:510)
	at org.eclipse.osgi.framework.internal.core.AbstractBundle.suspend(AbstractBundle.java:566)
	at org.eclipse.osgi.framework.internal.core.Framework.suspendBundle(Framework.java:1206)
	at org.eclipse.osgi.framework.internal.core.StartLevelManager.decFWSL(StartLevelManager.java:592)
	at org.eclipse.osgi.framework.internal.core.StartLevelManager.doSetStartLevel(StartLevelManager.java:257)
	at org.eclipse.osgi.framework.internal.core.StartLevelManager.shutdown(StartLevelManager.java:215)
	at org.eclipse.osgi.framework.internal.core.InternalSystemBundle.suspend(InternalSystemBundle.java:284)
	at org.eclipse.osgi.framework.internal.core.Framework.shutdown(Framework.java:692)
	at org.eclipse.osgi.framework.internal.core.Framework.close(Framework.java:600)
	at org.eclipse.core.runtime.adaptor.EclipseStarter.shutdown(EclipseStarter.java:399)
	at org.eclipse.core.runtime.adaptor.EclipseStarter.run(EclipseStarter.java:199)
	at sun.reflect.NativeMethodAccessorImpl.invoke0(Native Method)
	at sun.reflect.NativeMethodAccessorImpl.invoke(NativeMethodAccessorImpl.java:57)
	at sun.reflect.DelegatingMethodAccessorImpl.invoke(DelegatingMethodAccessorImpl.java:43)
	at java.lang.reflect.Method.invoke(Method.java:606)
	at org.eclipse.equinox.launcher.Main.invokeFramework(Main.java:629)
	at org.eclipse.equinox.launcher.Main.basicRun(Main.java:584)
	at org.eclipse.equinox.launcher.Main.run(Main.java:1438)
10:46:08 ERROR : Unexpected error while parsing XMD response ?: com.google.gson.JsonSyntaxException: com.google.gson.stream.MalformedJsonException: invalid number or unquoted string near 
10:47:14 INFO  : Processing command line option -hwspec D:/GIT/Zybo/VGA/source/vivado/hw/zybo_bsd/zybo_bsd.sdk/system_wrapper.hdf.
10:47:15 INFO  : Checking for hwspec changes in the project system_wrapper_hw_platform_0.
10:48:05 INFO  : Processor reset is completed for ps7_cortexa9_0
10:48:05 ERROR : Port COM9 is already in use.
10:48:08 ERROR : Unexpected error while launching program.
java.lang.RuntimeException: Failed to download ELF file


    AP transaction timeout: ACK = 0x01, expected=0x02)
    Error Address = 0x00118000, Size = 0x00000004


	at com.xilinx.sdk.targetmanager.internal.TM.downloadELF(TM.java:752)
	at com.xilinx.sdk.debug.core.internal.AppRunner.run(AppRunner.java:129)
	at com.xilinx.sdk.debug.core.XilinxAppLaunchConfigurationDelegate.runApplication(XilinxAppLaunchConfigurationDelegate.java:534)
	at com.xilinx.sdk.debug.core.XilinxAppLaunchConfigurationDelegate.launch(XilinxAppLaunchConfigurationDelegate.java:252)
	at com.xilinx.sdk.debug.ui.XilinxAppLaunchDelegateWrapper.launch(XilinxAppLaunchDelegateWrapper.java:31)
	at org.eclipse.debug.internal.core.LaunchConfiguration.launch(LaunchConfiguration.java:855)
	at org.eclipse.debug.internal.core.LaunchConfiguration.launch(LaunchConfiguration.java:704)
	at org.eclipse.debug.internal.ui.DebugUIPlugin.buildAndLaunch(DebugUIPlugin.java:1047)
	at org.eclipse.debug.internal.ui.DebugUIPlugin$8.run(DebugUIPlugin.java:1251)
	at org.eclipse.core.internal.jobs.Worker.run(Worker.java:54)
10:51:02 INFO  : FPGA configured successfully with bitstream "D:/GIT/Zybo/VGA/source/vivado/hw/zybo_bsd/zybo_bsd.sdk/system_wrapper_hw_platform_0/system_wrapper.bit"
10:51:53 ERROR : Unexpected error while parsing XMD response ?: com.google.gson.JsonSyntaxException: com.google.gson.stream.MalformedJsonException: invalid number or unquoted string near 
10:52:06 INFO  : Processing command line option -hwspec D:/GIT/Zybo/VGA/source/vivado/hw/zybo_bsd/zybo_bsd.sdk/system_wrapper.hdf.
10:52:07 INFO  : Checking for hwspec changes in the project system_wrapper_hw_platform_0.
10:53:24 ERROR : Checking FPGA configuration failed..Connection to Board Failed


    Unknown Error Occured
    Cable is not connected to the host

10:53:24 ERROR : Unexpected error while launching program.
com.xilinx.sdk.targetmanager.TMException: Connection to Board Failed


    Unknown Error Occured
    Cable is not connected to the host

	at com.xilinx.sdk.targetmanager.internal.TM.isFPGAConfigured(TM.java:386)
	at com.xilinx.sdk.debug.core.XilinxAppLaunchConfigurationDelegate.isFpgaConfigured(XilinxAppLaunchConfigurationDelegate.java:297)
	at com.xilinx.sdk.debug.core.XilinxAppLaunchConfigurationDelegate.launch(XilinxAppLaunchConfigurationDelegate.java:245)
	at com.xilinx.sdk.debug.ui.XilinxAppLaunchDelegateWrapper.launch(XilinxAppLaunchDelegateWrapper.java:31)
	at org.eclipse.debug.internal.core.LaunchConfiguration.launch(LaunchConfiguration.java:855)
	at org.eclipse.debug.internal.core.LaunchConfiguration.launch(LaunchConfiguration.java:704)
	at org.eclipse.debug.internal.ui.DebugUIPlugin.buildAndLaunch(DebugUIPlugin.java:1047)
	at org.eclipse.debug.internal.ui.DebugUIPlugin$8.run(DebugUIPlugin.java:1251)
	at org.eclipse.core.internal.jobs.Worker.run(Worker.java:54)
10:53:49 INFO  : FPGA configured successfully with bitstream "D:/GIT/Zybo/VGA/source/vivado/hw/zybo_bsd/zybo_bsd.sdk/system_wrapper_hw_platform_0/system_wrapper.bit"
10:54:00 INFO  : ps7_init is completed.
10:54:00 INFO  : ps7_post_config is completed.
10:54:01 INFO  : Processor reset is completed for ps7_cortexa9_0
10:57:55 INFO  : Processor reset is completed for ps7_cortexa9_0
10:57:55 ERROR : Port COM9 is already in use.
10:57:55 ERROR : Unexpected error while launching program.
java.lang.RuntimeException: Unknown Error Occured
    Target '64' Does NOT exist in the Current System


	at com.xilinx.sdk.targetmanager.internal.TM.downloadELF(TM.java:752)
	at com.xilinx.sdk.debug.core.internal.AppRunner.run(AppRunner.java:129)
	at com.xilinx.sdk.debug.core.XilinxAppLaunchConfigurationDelegate.runApplication(XilinxAppLaunchConfigurationDelegate.java:534)
	at com.xilinx.sdk.debug.core.XilinxAppLaunchConfigurationDelegate.launch(XilinxAppLaunchConfigurationDelegate.java:252)
	at com.xilinx.sdk.debug.ui.XilinxAppLaunchDelegateWrapper.launch(XilinxAppLaunchDelegateWrapper.java:31)
	at org.eclipse.debug.internal.core.LaunchConfiguration.launch(LaunchConfiguration.java:855)
	at org.eclipse.debug.internal.core.LaunchConfiguration.launch(LaunchConfiguration.java:704)
	at org.eclipse.debug.internal.ui.DebugUIPlugin.buildAndLaunch(DebugUIPlugin.java:1047)
	at org.eclipse.debug.internal.ui.DebugUIPlugin$8.run(DebugUIPlugin.java:1251)
	at org.eclipse.core.internal.jobs.Worker.run(Worker.java:54)
10:59:05 ERROR : Unexpected error while parsing XMD response ?: com.google.gson.JsonSyntaxException: com.google.gson.stream.MalformedJsonException: invalid number or unquoted string near 
10:59:38 INFO  : Processing command line option -hwspec D:/GIT/Zybo/VGA/source/vivado/hw/zybo_bsd/zybo_bsd.sdk/system_wrapper.hdf.
10:59:39 INFO  : Checking for hwspec changes in the project system_wrapper_hw_platform_0.
11:00:03 ERROR : Unexpected error while launching program.
java.lang.RuntimeException: Error in Resetting Target

    Could not stop the processor after reset


	at com.xilinx.sdk.targetmanager.internal.TM.doProcessorReset(TM.java:1153)
	at com.xilinx.sdk.debug.core.XilinxAppLaunchConfigurationDelegate.runTargetSetup(XilinxAppLaunchConfigurationDelegate.java:431)
	at com.xilinx.sdk.debug.core.XilinxAppLaunchConfigurationDelegate.runApplication(XilinxAppLaunchConfigurationDelegate.java:513)
	at com.xilinx.sdk.debug.core.XilinxAppLaunchConfigurationDelegate.launch(XilinxAppLaunchConfigurationDelegate.java:252)
	at com.xilinx.sdk.debug.ui.XilinxAppLaunchDelegateWrapper.launch(XilinxAppLaunchDelegateWrapper.java:31)
	at org.eclipse.debug.internal.core.LaunchConfiguration.launch(LaunchConfiguration.java:855)
	at org.eclipse.debug.internal.core.LaunchConfiguration.launch(LaunchConfiguration.java:704)
	at org.eclipse.debug.internal.ui.DebugUIPlugin.buildAndLaunch(DebugUIPlugin.java:1047)
	at org.eclipse.debug.internal.ui.DebugUIPlugin$8.run(DebugUIPlugin.java:1251)
	at org.eclipse.core.internal.jobs.Worker.run(Worker.java:54)
11:05:50 INFO  : FPGA Cable Disconnected. All active launches will be terminated.
11:07:07 ERROR : Unexpected error while parsing XMD response ?: com.google.gson.JsonSyntaxException: com.google.gson.stream.MalformedJsonException: invalid number or unquoted string near 
11:07:19 INFO  : Processing command line option -hwspec D:/GIT/Zybo/VGA/source/vivado/hw/zybo_bsd/zybo_bsd.sdk/system_wrapper.hdf.
11:07:19 INFO  : Checking for hwspec changes in the project system_wrapper_hw_platform_0.
11:08:23 INFO  : FPGA configured successfully with bitstream "D:/GIT/Zybo/VGA/source/vivado/hw/zybo_bsd/zybo_bsd.sdk/system_wrapper_hw_platform_0/system_wrapper.bit"
11:08:40 INFO  : ps7_init is completed.
11:08:40 INFO  : ps7_post_config is completed.
11:08:40 INFO  : Processor reset is completed for ps7_cortexa9_0
11:08:40 ERROR : Port COM9 is already in use.
11:09:49 INFO  : Processor reset is completed for ps7_cortexa9_0
11:09:49 ERROR : Unexpected error while launching program.
java.lang.RuntimeException: Unknown Error Occured
    Target '64' Does NOT exist in the Current System


	at com.xilinx.sdk.targetmanager.internal.TM.downloadELF(TM.java:752)
	at com.xilinx.sdk.debug.core.internal.AppRunner.run(AppRunner.java:129)
	at com.xilinx.sdk.debug.core.XilinxAppLaunchConfigurationDelegate.runApplication(XilinxAppLaunchConfigurationDelegate.java:534)
	at com.xilinx.sdk.debug.core.XilinxAppLaunchConfigurationDelegate.launch(XilinxAppLaunchConfigurationDelegate.java:252)
	at com.xilinx.sdk.debug.ui.XilinxAppLaunchDelegateWrapper.launch(XilinxAppLaunchDelegateWrapper.java:31)
	at org.eclipse.debug.internal.core.LaunchConfiguration.launch(LaunchConfiguration.java:855)
	at org.eclipse.debug.internal.core.LaunchConfiguration.launch(LaunchConfiguration.java:704)
	at org.eclipse.debug.internal.ui.DebugUIPlugin.buildAndLaunch(DebugUIPlugin.java:1047)
	at org.eclipse.debug.internal.ui.DebugUIPlugin$8.run(DebugUIPlugin.java:1251)
	at org.eclipse.core.internal.jobs.Worker.run(Worker.java:54)
11:10:42 INFO  : FPGA configured successfully with bitstream "D:/GIT/Zybo/VGA/source/vivado/hw/zybo_bsd/zybo_bsd.sdk/system_wrapper_hw_platform_0/system_wrapper.bit"
11:11:40 ERROR : Unexpected error while parsing XMD response ?: com.google.gson.JsonSyntaxException: com.google.gson.stream.MalformedJsonException: invalid number or unquoted string near 
11:12:02 INFO  : Processing command line option -hwspec D:/GIT/Zybo/VGA/source/vivado/hw/zybo_bsd/zybo_bsd.sdk/system_wrapper.hdf.
11:12:02 INFO  : Checking for hwspec changes in the project system_wrapper_hw_platform_0.
11:14:19 INFO  : FPGA configured successfully with bitstream "D:/GIT/Zybo/VGA/source/vivado/hw/zybo_bsd/zybo_bsd.sdk/system_wrapper_hw_platform_0/system_wrapper.bit"
11:14:37 INFO  : ps7_init is completed.
11:14:37 INFO  : ps7_post_config is completed.
11:14:37 INFO  : Processor reset is completed for ps7_cortexa9_0
11:18:58 INFO  : FPGA configured successfully with bitstream "D:/GIT/Zybo/VGA/source/vivado/hw/zybo_bsd/zybo_bsd.sdk/system_wrapper_hw_platform_0/system_wrapper.bit"
11:19:16 INFO  : ps7_init is completed.
11:19:16 INFO  : ps7_post_config is completed.
11:19:16 INFO  : Processor reset is completed for ps7_cortexa9_0
11:20:58 INFO  : ps7_cortexa9_0 Processor is in use. Please stop existing Run or Debug sessions before launching.
11:21:12 ERROR : Unexpected error while launching program.
java.lang.RuntimeException: Unable to Stop Processor. System could be in unknown state.
                     Please reset the system
Unknown Error Occured
    

	at com.xilinx.sdk.targetmanager.internal.TM.stop(TM.java:850)
	at com.xilinx.sdk.targetmanager.internal.CPURunSession.terminate(CPURunSession.java:27)
	at com.xilinx.sdk.targetmanager.internal.TM.terminateCurrentLaunch(TM.java:897)
	at com.xilinx.sdk.debug.core.XilinxAppLaunchConfigurationDelegate.runApplication(XilinxAppLaunchConfigurationDelegate.java:493)
	at com.xilinx.sdk.debug.core.XilinxAppLaunchConfigurationDelegate.launch(XilinxAppLaunchConfigurationDelegate.java:252)
	at com.xilinx.sdk.debug.ui.XilinxAppLaunchDelegateWrapper.launch(XilinxAppLaunchDelegateWrapper.java:31)
	at org.eclipse.debug.internal.core.LaunchConfiguration.launch(LaunchConfiguration.java:855)
	at org.eclipse.debug.internal.core.LaunchConfiguration.launch(LaunchConfiguration.java:704)
	at org.eclipse.debug.internal.ui.DebugUIPlugin.buildAndLaunch(DebugUIPlugin.java:1047)
	at org.eclipse.debug.internal.ui.DebugUIPlugin$8.run(DebugUIPlugin.java:1251)
	at org.eclipse.core.internal.jobs.Worker.run(Worker.java:54)
11:22:04 INFO  : FPGA configured successfully with bitstream "D:/GIT/Zybo/VGA/source/vivado/hw/zybo_bsd/zybo_bsd.sdk/system_wrapper_hw_platform_0/system_wrapper.bit"
11:23:44 ERROR : Unexpected error while parsing XMD response ?: com.google.gson.JsonSyntaxException: com.google.gson.stream.MalformedJsonException: invalid number or unquoted string near 
11:23:57 INFO  : Processing command line option -hwspec D:/GIT/Zybo/VGA/source/vivado/hw/zybo_bsd/zybo_bsd.sdk/system_wrapper.hdf.
11:23:58 INFO  : Checking for hwspec changes in the project system_wrapper_hw_platform_0.
11:24:13 INFO  : FPGA configured successfully with bitstream "D:/GIT/Zybo/VGA/source/vivado/hw/zybo_bsd/zybo_bsd.sdk/system_wrapper_hw_platform_0/system_wrapper.bit"
11:24:37 INFO  : ps7_init is completed.
11:24:37 INFO  : ps7_post_config is completed.
11:24:37 INFO  : Processor reset is completed for ps7_cortexa9_0
11:25:41 INFO  : Processor reset is completed for ps7_cortexa9_0
11:25:41 ERROR : Unexpected error while launching program.
java.lang.RuntimeException: Unknown Error Occured
    Target '64' Does NOT exist in the Current System


	at com.xilinx.sdk.targetmanager.internal.TM.downloadELF(TM.java:752)
	at com.xilinx.sdk.debug.core.internal.AppRunner.run(AppRunner.java:129)
	at com.xilinx.sdk.debug.core.XilinxAppLaunchConfigurationDelegate.runApplication(XilinxAppLaunchConfigurationDelegate.java:534)
	at com.xilinx.sdk.debug.core.XilinxAppLaunchConfigurationDelegate.launch(XilinxAppLaunchConfigurationDelegate.java:252)
	at com.xilinx.sdk.debug.ui.XilinxAppLaunchDelegateWrapper.launch(XilinxAppLaunchDelegateWrapper.java:31)
	at org.eclipse.debug.internal.core.LaunchConfiguration.launch(LaunchConfiguration.java:855)
	at org.eclipse.debug.internal.core.LaunchConfiguration.launch(LaunchConfiguration.java:704)
	at org.eclipse.debug.internal.ui.DebugUIPlugin.buildAndLaunch(DebugUIPlugin.java:1047)
	at org.eclipse.debug.internal.ui.DebugUIPlugin$8.run(DebugUIPlugin.java:1251)
	at org.eclipse.core.internal.jobs.Worker.run(Worker.java:54)
11:25:59 ERROR : Unexpected error while parsing XMD response ?: com.google.gson.JsonSyntaxException: com.google.gson.stream.MalformedJsonException: invalid number or unquoted string near 
11:26:12 INFO  : Processing command line option -hwspec D:/GIT/Zybo/VGA/source/vivado/hw/zybo_bsd/zybo_bsd.sdk/system_wrapper.hdf.
11:26:13 INFO  : Checking for hwspec changes in the project system_wrapper_hw_platform_0.
11:26:46 INFO  : FPGA configured successfully with bitstream "D:/GIT/Zybo/VGA/source/vivado/hw/zybo_bsd/zybo_bsd.sdk/system_wrapper_hw_platform_0/system_wrapper.bit"
11:26:59 INFO  : ps7_init is completed.
11:26:59 INFO  : ps7_post_config is completed.
11:26:59 INFO  : Processor reset is completed for ps7_cortexa9_0
11:29:23 INFO  : Processor reset is completed for ps7_cortexa9_0
11:35:46 INFO  : Processor reset is completed for ps7_cortexa9_0
11:36:36 INFO  : FPGA configured successfully with bitstream "D:/GIT/Zybo/VGA/source/vivado/hw/zybo_bsd/zybo_bsd.sdk/system_wrapper_hw_platform_0/system_wrapper.bit"
11:37:23 ERROR : Unable to disconnect from existing targets
java.lang.NullPointerException
	at com.xilinx.sdk.targetmanager.internal.json.XMDJSONProcess.issueCommand(XMDJSONProcess.java:144)
	at com.xilinx.sdk.targetmanager.internal.TM.disconnectTarget(TM.java:338)
	at com.xilinx.sdk.targetmanager.internal.TM.disconnectExistingTargets(TM.java:320)
	at com.xilinx.sdk.targetmanager.internal.TM.terminate(TM.java:210)
	at com.xilinx.sdk.targetmanager.TMPlugin.stop(TMPlugin.java:57)
	at org.eclipse.osgi.framework.internal.core.BundleContextImpl$2.run(BundleContextImpl.java:771)
	at java.security.AccessController.doPrivileged(Native Method)
	at org.eclipse.osgi.framework.internal.core.BundleContextImpl.stop(BundleContextImpl.java:764)
	at org.eclipse.osgi.framework.internal.core.BundleHost.stopWorker(BundleHost.java:510)
	at org.eclipse.osgi.framework.internal.core.AbstractBundle.suspend(AbstractBundle.java:566)
	at org.eclipse.osgi.framework.internal.core.Framework.suspendBundle(Framework.java:1206)
	at org.eclipse.osgi.framework.internal.core.StartLevelManager.decFWSL(StartLevelManager.java:592)
	at org.eclipse.osgi.framework.internal.core.StartLevelManager.doSetStartLevel(StartLevelManager.java:257)
	at org.eclipse.osgi.framework.internal.core.StartLevelManager.shutdown(StartLevelManager.java:215)
	at org.eclipse.osgi.framework.internal.core.InternalSystemBundle.suspend(InternalSystemBundle.java:284)
	at org.eclipse.osgi.framework.internal.core.Framework.shutdown(Framework.java:692)
	at org.eclipse.osgi.framework.internal.core.Framework.close(Framework.java:600)
	at org.eclipse.core.runtime.adaptor.EclipseStarter.shutdown(EclipseStarter.java:399)
	at org.eclipse.core.runtime.adaptor.EclipseStarter.run(EclipseStarter.java:199)
	at sun.reflect.NativeMethodAccessorImpl.invoke0(Native Method)
	at sun.reflect.NativeMethodAccessorImpl.invoke(NativeMethodAccessorImpl.java:57)
	at sun.reflect.DelegatingMethodAccessorImpl.invoke(DelegatingMethodAccessorImpl.java:43)
	at java.lang.reflect.Method.invoke(Method.java:606)
	at org.eclipse.equinox.launcher.Main.invokeFramework(Main.java:629)
	at org.eclipse.equinox.launcher.Main.basicRun(Main.java:584)
	at org.eclipse.equinox.launcher.Main.run(Main.java:1438)
11:37:24 ERROR : Unexpected error while parsing XMD response ?: com.google.gson.JsonSyntaxException: com.google.gson.stream.MalformedJsonException: invalid number or unquoted string near 
11:37:36 INFO  : Processing command line option -hwspec D:/GIT/Zybo/VGA/source/vivado/hw/zybo_bsd/zybo_bsd.sdk/system_wrapper.hdf.
11:37:37 INFO  : Checking for hwspec changes in the project system_wrapper_hw_platform_0.
11:37:54 INFO  : Processor reset is completed for ps7_cortexa9_0
11:37:57 ERROR : Unexpected error while launching program.
java.lang.RuntimeException: Failed to download ELF file


    AP transaction timeout: ACK = 0x01, expected=0x02)
    Error Address = 0x00118000, Size = 0x00000004


	at com.xilinx.sdk.targetmanager.internal.TM.downloadELF(TM.java:752)
	at com.xilinx.sdk.debug.core.internal.AppRunner.run(AppRunner.java:129)
	at com.xilinx.sdk.debug.core.XilinxAppLaunchConfigurationDelegate.runApplication(XilinxAppLaunchConfigurationDelegate.java:534)
	at com.xilinx.sdk.debug.core.XilinxAppLaunchConfigurationDelegate.launch(XilinxAppLaunchConfigurationDelegate.java:252)
	at com.xilinx.sdk.debug.ui.XilinxAppLaunchDelegateWrapper.launch(XilinxAppLaunchDelegateWrapper.java:31)
	at org.eclipse.debug.internal.core.LaunchConfiguration.launch(LaunchConfiguration.java:855)
	at org.eclipse.debug.internal.core.LaunchConfiguration.launch(LaunchConfiguration.java:704)
	at org.eclipse.debug.internal.ui.DebugUIPlugin.buildAndLaunch(DebugUIPlugin.java:1047)
	at org.eclipse.debug.internal.ui.DebugUIPlugin$8.run(DebugUIPlugin.java:1251)
	at org.eclipse.core.internal.jobs.Worker.run(Worker.java:54)
11:38:14 ERROR : Unexpected error while parsing XMD response ?: com.google.gson.JsonSyntaxException: com.google.gson.stream.MalformedJsonException: invalid number or unquoted string near 
11:38:28 INFO  : Processing command line option -hwspec D:/GIT/Zybo/VGA/source/vivado/hw/zybo_bsd/zybo_bsd.sdk/system_wrapper.hdf.
11:38:29 INFO  : Checking for hwspec changes in the project system_wrapper_hw_platform_0.
11:38:52 INFO  : FPGA configured successfully with bitstream "D:/GIT/Zybo/VGA/source/vivado/hw/zybo_bsd/zybo_bsd.sdk/system_wrapper_hw_platform_0/system_wrapper.bit"
11:39:10 INFO  : ps7_init is completed.
11:39:11 INFO  : ps7_post_config is completed.
11:39:11 INFO  : Processor reset is completed for ps7_cortexa9_0
11:44:40 INFO  : Processor reset is completed for ps7_cortexa9_0
11:45:13 INFO  : ps7_cortexa9_0 Processor is in use. Please stop existing Run or Debug sessions before launching.
11:45:41 INFO  : Processor reset is completed for ps7_cortexa9_0
11:45:44 ERROR : Unexpected error while launching program.
java.lang.RuntimeException: Failed to download ELF file


    Could not stop the processor after reset


	at com.xilinx.sdk.targetmanager.internal.TM.downloadELF(TM.java:752)
	at com.xilinx.sdk.debug.core.internal.AppRunner.run(AppRunner.java:129)
	at com.xilinx.sdk.debug.core.XilinxAppLaunchConfigurationDelegate.runApplication(XilinxAppLaunchConfigurationDelegate.java:534)
	at com.xilinx.sdk.debug.core.XilinxAppLaunchConfigurationDelegate.launch(XilinxAppLaunchConfigurationDelegate.java:252)
	at com.xilinx.sdk.debug.ui.XilinxAppLaunchDelegateWrapper.launch(XilinxAppLaunchDelegateWrapper.java:31)
	at org.eclipse.debug.internal.core.LaunchConfiguration.launch(LaunchConfiguration.java:855)
	at org.eclipse.debug.internal.core.LaunchConfiguration.launch(LaunchConfiguration.java:704)
	at org.eclipse.debug.internal.ui.DebugUIPlugin.buildAndLaunch(DebugUIPlugin.java:1047)
	at org.eclipse.debug.internal.ui.DebugUIPlugin$8.run(DebugUIPlugin.java:1251)
	at org.eclipse.core.internal.jobs.Worker.run(Worker.java:54)
11:46:03 ERROR : Unexpected error while parsing XMD response ?: com.google.gson.JsonSyntaxException: com.google.gson.stream.MalformedJsonException: invalid number or unquoted string near 
11:46:31 INFO  : Processing command line option -hwspec D:/GIT/Zybo/VGA/source/vivado/hw/zybo_bsd/zybo_bsd.sdk/system_wrapper.hdf.
11:46:31 INFO  : Checking for hwspec changes in the project system_wrapper_hw_platform_0.
11:47:00 ERROR : Unexpected error while launching program.
java.lang.RuntimeException: Error in Resetting Target

    Could not stop the processor after reset


	at com.xilinx.sdk.targetmanager.internal.TM.doProcessorReset(TM.java:1153)
	at com.xilinx.sdk.debug.core.XilinxAppLaunchConfigurationDelegate.runTargetSetup(XilinxAppLaunchConfigurationDelegate.java:431)
	at com.xilinx.sdk.debug.core.XilinxAppLaunchConfigurationDelegate.runApplication(XilinxAppLaunchConfigurationDelegate.java:513)
	at com.xilinx.sdk.debug.core.XilinxAppLaunchConfigurationDelegate.launch(XilinxAppLaunchConfigurationDelegate.java:252)
	at com.xilinx.sdk.debug.ui.XilinxAppLaunchDelegateWrapper.launch(XilinxAppLaunchDelegateWrapper.java:31)
	at org.eclipse.debug.internal.core.LaunchConfiguration.launch(LaunchConfiguration.java:855)
	at org.eclipse.debug.internal.core.LaunchConfiguration.launch(LaunchConfiguration.java:704)
	at org.eclipse.debug.internal.ui.DebugUIPlugin.buildAndLaunch(DebugUIPlugin.java:1047)
	at org.eclipse.debug.internal.ui.DebugUIPlugin$8.run(DebugUIPlugin.java:1251)
	at org.eclipse.core.internal.jobs.Worker.run(Worker.java:54)
11:47:06 ERROR : Unexpected error while parsing XMD response ?: com.google.gson.JsonSyntaxException: com.google.gson.stream.MalformedJsonException: invalid number or unquoted string near 
11:47:20 INFO  : Processing command line option -hwspec D:/GIT/Zybo/VGA/source/vivado/hw/zybo_bsd/zybo_bsd.sdk/system_wrapper.hdf.
11:47:21 INFO  : Checking for hwspec changes in the project system_wrapper_hw_platform_0.
11:47:40 INFO  : FPGA configured successfully with bitstream "D:/GIT/Zybo/VGA/source/vivado/hw/zybo_bsd/zybo_bsd.sdk/system_wrapper_hw_platform_0/system_wrapper.bit"
11:48:20 INFO  : ps7_init is completed.
11:48:20 INFO  : ps7_post_config is completed.
11:48:21 INFO  : Processor reset is completed for ps7_cortexa9_0
11:49:07 INFO  : FPGA configured successfully with bitstream "D:/GIT/Zybo/VGA/source/vivado/hw/zybo_bsd/zybo_bsd.sdk/system_wrapper_hw_platform_0/system_wrapper.bit"
11:51:11 INFO  : ps7_init is completed.
11:51:11 INFO  : ps7_post_config is completed.
11:51:11 INFO  : Processor reset is completed for ps7_cortexa9_0
11:51:52 INFO  : FPGA configured successfully with bitstream "D:/GIT/Zybo/VGA/source/vivado/hw/zybo_bsd/zybo_bsd.sdk/system_wrapper_hw_platform_0/system_wrapper.bit"
11:55:35 INFO  : Processor reset is completed for ps7_cortexa9_0
11:55:35 ERROR : Unexpected error while launching program.
java.lang.RuntimeException: Unknown Error Occured
    Target '64' Does NOT exist in the Current System


	at com.xilinx.sdk.targetmanager.internal.TM.downloadELF(TM.java:752)
	at com.xilinx.sdk.debug.core.internal.AppRunner.run(AppRunner.java:129)
	at com.xilinx.sdk.debug.core.XilinxAppLaunchConfigurationDelegate.runApplication(XilinxAppLaunchConfigurationDelegate.java:534)
	at com.xilinx.sdk.debug.core.XilinxAppLaunchConfigurationDelegate.launch(XilinxAppLaunchConfigurationDelegate.java:252)
	at com.xilinx.sdk.debug.ui.XilinxAppLaunchDelegateWrapper.launch(XilinxAppLaunchDelegateWrapper.java:31)
	at org.eclipse.debug.internal.core.LaunchConfiguration.launch(LaunchConfiguration.java:855)
	at org.eclipse.debug.internal.core.LaunchConfiguration.launch(LaunchConfiguration.java:704)
	at org.eclipse.debug.internal.ui.DebugUIPlugin.buildAndLaunch(DebugUIPlugin.java:1047)
	at org.eclipse.debug.internal.ui.DebugUIPlugin$8.run(DebugUIPlugin.java:1251)
	at org.eclipse.core.internal.jobs.Worker.run(Worker.java:54)
11:55:45 ERROR : Unexpected error while parsing XMD response ?: com.google.gson.JsonSyntaxException: com.google.gson.stream.MalformedJsonException: invalid number or unquoted string near 
11:56:00 INFO  : Processing command line option -hwspec D:/GIT/Zybo/VGA/source/vivado/hw/zybo_bsd/zybo_bsd.sdk/system_wrapper.hdf.
11:56:01 INFO  : Checking for hwspec changes in the project system_wrapper_hw_platform_0.
11:57:15 INFO  : FPGA configured successfully with bitstream "D:/GIT/Zybo/VGA/source/vivado/hw/zybo_bsd/zybo_bsd.sdk/system_wrapper_hw_platform_0/system_wrapper.bit"
11:57:29 ERROR : Unexpected error while launching program.
java.lang.RuntimeException: Error while running ps7_init method.
Cannot write to target


    AP transaction timeout: ACK = 0x01, expected=0x02)
    Error Address = 0xf8000008


	at com.xilinx.sdk.targetmanager.internal.TM.run_ps7_init(TM.java:1230)
	at com.xilinx.sdk.debug.core.XilinxAppLaunchConfigurationDelegate.runTargetSetup(XilinxAppLaunchConfigurationDelegate.java:411)
	at com.xilinx.sdk.debug.core.XilinxAppLaunchConfigurationDelegate.runApplication(XilinxAppLaunchConfigurationDelegate.java:513)
	at com.xilinx.sdk.debug.core.XilinxAppLaunchConfigurationDelegate.launch(XilinxAppLaunchConfigurationDelegate.java:252)
	at com.xilinx.sdk.debug.ui.XilinxAppLaunchDelegateWrapper.launch(XilinxAppLaunchDelegateWrapper.java:31)
	at org.eclipse.debug.internal.core.LaunchConfiguration.launch(LaunchConfiguration.java:855)
	at org.eclipse.debug.internal.core.LaunchConfiguration.launch(LaunchConfiguration.java:704)
	at org.eclipse.debug.internal.ui.DebugUIPlugin.buildAndLaunch(DebugUIPlugin.java:1047)
	at org.eclipse.debug.internal.ui.DebugUIPlugin$8.run(DebugUIPlugin.java:1251)
	at org.eclipse.core.internal.jobs.Worker.run(Worker.java:54)
11:57:56 INFO  : FPGA configured successfully with bitstream "D:/GIT/Zybo/VGA/source/vivado/hw/zybo_bsd/zybo_bsd.sdk/system_wrapper_hw_platform_0/system_wrapper.bit"
11:58:45 INFO  : ps7_init is completed.
11:58:45 INFO  : ps7_post_config is completed.
11:58:45 INFO  : Processor reset is completed for ps7_cortexa9_0
12:00:29 INFO  : FPGA configured successfully with bitstream "D:/GIT/Zybo/VGA/source/vivado/hw/zybo_bsd/zybo_bsd.sdk/system_wrapper_hw_platform_0/system_wrapper.bit"
12:00:52 INFO  : ps7_init is completed.
12:00:52 INFO  : ps7_post_config is completed.
12:00:52 INFO  : Processor reset is completed for ps7_cortexa9_0
12:02:28 INFO  : FPGA configured successfully with bitstream "D:/GIT/Zybo/VGA/source/vivado/hw/zybo_bsd/zybo_bsd.sdk/system_wrapper_hw_platform_0/system_wrapper.bit"
12:02:38 INFO  : ps7_init is completed.
12:02:38 INFO  : ps7_post_config is completed.
12:02:38 INFO  : Processor reset is completed for ps7_cortexa9_0
12:05:59 INFO  : FPGA configured successfully with bitstream "D:/GIT/Zybo/VGA/source/vivado/hw/zybo_bsd/zybo_bsd.sdk/system_wrapper_hw_platform_0/system_wrapper.bit"
12:06:18 INFO  : ps7_init is completed.
12:06:18 INFO  : ps7_post_config is completed.
12:06:18 INFO  : Processor reset is completed for ps7_cortexa9_0
12:12:42 INFO  : FPGA configured successfully with bitstream "D:/GIT/Zybo/VGA/source/vivado/hw/zybo_bsd/zybo_bsd.sdk/system_wrapper_hw_platform_0/system_wrapper.bit"
12:12:59 INFO  : ps7_init is completed.
12:12:59 INFO  : ps7_post_config is completed.
12:12:59 INFO  : Processor reset is completed for ps7_cortexa9_0
12:23:53 ERROR : Unexpected error while parsing XMD response ?: com.google.gson.JsonSyntaxException: com.google.gson.stream.MalformedJsonException: invalid number or unquoted string near 
09:48:18 INFO  : Processing command line option -hwspec D:/GIT/Zybo/VGA/source/vivado/hw/zybo_bsd/zybo_bsd.sdk/system_wrapper.hdf.
09:48:18 INFO  : Checking for hwspec changes in the project system_wrapper_hw_platform_0.
10:06:53 INFO  : Processing command line option -hwspec D:/GIT/Zybo/VGA/source/vivado/hw/zybo_bsd/zybo_bsd.sdk/system_wrapper.hdf.
10:06:54 INFO  : Checking for hwspec changes in the project system_wrapper_hw_platform_0.
10:24:14 INFO  : FPGA configured successfully with bitstream "D:/GIT/Zybo/VGA/source/vivado/hw/zybo_bsd/zybo_bsd.sdk/system_wrapper_hw_platform_0/system_wrapper.bit"
10:25:34 INFO  : ps7_init is completed.
10:25:34 INFO  : ps7_post_config is completed.
10:25:34 INFO  : Processor reset is completed for ps7_cortexa9_0
10:48:54 INFO  : FPGA configured successfully with bitstream "D:/GIT/Zybo/VGA/source/vivado/hw/zybo_bsd/zybo_bsd.sdk/system_wrapper_hw_platform_0/system_wrapper.bit"
10:49:23 INFO  : ps7_init is completed.
10:49:23 INFO  : ps7_post_config is completed.
10:49:24 INFO  : Processor reset is completed for ps7_cortexa9_0
10:50:14 INFO  : FPGA configured successfully with bitstream "D:/GIT/Zybo/VGA/source/vivado/hw/zybo_bsd/zybo_bsd.sdk/system_wrapper_hw_platform_0/system_wrapper.bit"
10:50:21 INFO  : ps7_init is completed.
10:50:21 INFO  : ps7_post_config is completed.
10:50:22 INFO  : Processor reset is completed for ps7_cortexa9_0
11:55:31 ERROR : Unable to disconnect from existing targets
java.lang.NullPointerException
11:55:31 ERROR : Unexpected error while parsing XMD response ?: com.google.gson.JsonSyntaxException: com.google.gson.stream.MalformedJsonException: invalid number or unquoted string near 
13:39:20 INFO  : Processing command line option -hwspec D:/GIT/Zybo/VGA/source/vivado/hw/zybo_bsd/zybo_bsd.sdk/system_wrapper.hdf.
13:39:22 INFO  : Checking for hwspec changes in the project system_wrapper_hw_platform_0.
13:41:04 INFO  : FPGA configured successfully with bitstream "D:/GIT/Zybo/VGA/source/vivado/hw/zybo_bsd/zybo_bsd.sdk/system_wrapper_hw_platform_0/system_wrapper.bit"
13:42:29 INFO  : ps7_init is completed.
13:42:29 INFO  : ps7_post_config is completed.
13:42:29 INFO  : Processor reset is completed for ps7_cortexa9_0
13:46:41 INFO  : Processor reset is completed for ps7_cortexa9_0
15:44:10 INFO  : Processor reset is completed for ps7_cortexa9_0
15:50:24 INFO  : Processor reset is completed for ps7_cortexa9_0
16:27:35 INFO  : Processor reset is completed for ps7_cortexa9_0
16:28:35 INFO  : ps7_cortexa9_0 Processor is in use. Please stop existing Run or Debug sessions before launching.
16:28:39 INFO  : Processor reset is completed for ps7_cortexa9_0
16:44:25 INFO  : Processor reset is completed for ps7_cortexa9_0
16:47:40 INFO  : ps7_cortexa9_0 Processor is in use. Please stop existing Run or Debug sessions before launching.
16:47:42 INFO  : Processor reset is completed for ps7_cortexa9_0
16:55:43 INFO  : ps7_cortexa9_0 Processor is in use. Please stop existing Run or Debug sessions before launching.
16:55:45 INFO  : Processor reset is completed for ps7_cortexa9_0
16:56:16 INFO  : ps7_cortexa9_0 Processor is in use. Please stop existing Run or Debug sessions before launching.
16:56:18 INFO  : Processor reset is completed for ps7_cortexa9_0
16:56:44 INFO  : ps7_cortexa9_0 Processor is in use. Please stop existing Run or Debug sessions before launching.
16:56:46 INFO  : Processor reset is completed for ps7_cortexa9_0
16:57:44 INFO  : ps7_cortexa9_0 Processor is in use. Please stop existing Run or Debug sessions before launching.
16:57:46 INFO  : Processor reset is completed for ps7_cortexa9_0
16:58:03 INFO  : ps7_cortexa9_0 Processor is in use. Please stop existing Run or Debug sessions before launching.
16:58:05 INFO  : Processor reset is completed for ps7_cortexa9_0
16:59:27 INFO  : ps7_cortexa9_0 Processor is in use. Please stop existing Run or Debug sessions before launching.
16:59:31 INFO  : Processor reset is completed for ps7_cortexa9_0
18:13:47 INFO  : FPGA configured successfully with bitstream "D:/GIT/Zybo/VGA/source/vivado/hw/zybo_bsd/zybo_bsd.sdk/system_wrapper_hw_platform_0/system_wrapper.bit"
18:14:07 INFO  : ps7_init is completed.
18:14:07 INFO  : ps7_post_config is completed.
18:14:07 INFO  : Processor reset is completed for ps7_cortexa9_0
18:23:37 INFO  : ps7_cortexa9_0 Processor is in use. Please stop existing Run or Debug sessions before launching.
18:24:06 INFO  : Processor reset is completed for ps7_cortexa9_0
18:26:07 INFO  : ps7_cortexa9_0 Processor is in use. Please stop existing Run or Debug sessions before launching.
18:26:09 INFO  : Processor reset is completed for ps7_cortexa9_0
18:26:55 INFO  : ps7_cortexa9_0 Processor is in use. Please stop existing Run or Debug sessions before launching.
18:26:57 INFO  : Processor reset is completed for ps7_cortexa9_0
18:27:15 INFO  : ps7_cortexa9_0 Processor is in use. Please stop existing Run or Debug sessions before launching.
18:27:16 INFO  : Processor reset is completed for ps7_cortexa9_0
18:28:20 INFO  : ps7_cortexa9_0 Processor is in use. Please stop existing Run or Debug sessions before launching.
18:28:23 INFO  : Processor reset is completed for ps7_cortexa9_0
18:29:25 INFO  : ps7_cortexa9_0 Processor is in use. Please stop existing Run or Debug sessions before launching.
18:29:27 INFO  : Processor reset is completed for ps7_cortexa9_0
18:30:30 INFO  : ps7_cortexa9_0 Processor is in use. Please stop existing Run or Debug sessions before launching.
18:30:31 INFO  : Processor reset is completed for ps7_cortexa9_0
18:33:24 INFO  : ps7_cortexa9_0 Processor is in use. Please stop existing Run or Debug sessions before launching.
18:33:25 INFO  : Processor reset is completed for ps7_cortexa9_0
18:43:14 INFO  : ps7_cortexa9_0 Processor is in use. Please stop existing Run or Debug sessions before launching.
18:43:16 INFO  : Processor reset is completed for ps7_cortexa9_0
18:46:33 INFO  : ps7_cortexa9_0 Processor is in use. Please stop existing Run or Debug sessions before launching.
18:46:41 INFO  : Processor reset is completed for ps7_cortexa9_0
19:04:59 INFO  : ps7_cortexa9_0 Processor is in use. Please stop existing Run or Debug sessions before launching.
19:05:04 INFO  : Processor reset is completed for ps7_cortexa9_0
19:15:07 INFO  : ps7_cortexa9_0 Processor is in use. Please stop existing Run or Debug sessions before launching.
19:15:09 INFO  : Processor reset is completed for ps7_cortexa9_0
19:22:10 INFO  : ps7_cortexa9_0 Processor is in use. Please stop existing Run or Debug sessions before launching.
19:22:12 INFO  : Processor reset is completed for ps7_cortexa9_0
19:22:29 INFO  : ps7_cortexa9_0 Processor is in use. Please stop existing Run or Debug sessions before launching.
19:22:31 INFO  : Processor reset is completed for ps7_cortexa9_0
19:22:49 INFO  : ps7_cortexa9_0 Processor is in use. Please stop existing Run or Debug sessions before launching.
19:22:50 INFO  : Processor reset is completed for ps7_cortexa9_0
19:31:09 INFO  : ps7_cortexa9_0 Processor is in use. Please stop existing Run or Debug sessions before launching.
19:31:10 INFO  : Processor reset is completed for ps7_cortexa9_0
19:31:51 INFO  : ps7_cortexa9_0 Processor is in use. Please stop existing Run or Debug sessions before launching.
19:31:52 INFO  : Processor reset is completed for ps7_cortexa9_0
19:35:57 INFO  : ps7_cortexa9_0 Processor is in use. Please stop existing Run or Debug sessions before launching.
19:35:59 INFO  : Processor reset is completed for ps7_cortexa9_0
19:36:16 INFO  : ps7_cortexa9_0 Processor is in use. Please stop existing Run or Debug sessions before launching.
19:36:17 INFO  : Processor reset is completed for ps7_cortexa9_0
19:38:58 INFO  : ps7_cortexa9_0 Processor is in use. Please stop existing Run or Debug sessions before launching.
19:39:01 INFO  : Processor reset is completed for ps7_cortexa9_0
19:47:30 INFO  : ps7_cortexa9_0 Processor is in use. Please stop existing Run or Debug sessions before launching.
19:47:32 INFO  : Processor reset is completed for ps7_cortexa9_0
19:48:06 INFO  : ps7_cortexa9_0 Processor is in use. Please stop existing Run or Debug sessions before launching.
19:48:07 INFO  : Processor reset is completed for ps7_cortexa9_0
19:48:23 INFO  : ps7_cortexa9_0 Processor is in use. Please stop existing Run or Debug sessions before launching.
19:48:24 INFO  : Processor reset is completed for ps7_cortexa9_0
19:48:49 INFO  : ps7_cortexa9_0 Processor is in use. Please stop existing Run or Debug sessions before launching.
19:48:51 INFO  : Processor reset is completed for ps7_cortexa9_0
19:49:11 INFO  : ps7_cortexa9_0 Processor is in use. Please stop existing Run or Debug sessions before launching.
19:49:12 INFO  : Processor reset is completed for ps7_cortexa9_0
19:52:48 INFO  : ps7_cortexa9_0 Processor is in use. Please stop existing Run or Debug sessions before launching.
19:52:50 INFO  : Processor reset is completed for ps7_cortexa9_0
19:54:16 INFO  : ps7_cortexa9_0 Processor is in use. Please stop existing Run or Debug sessions before launching.
19:54:18 INFO  : Processor reset is completed for ps7_cortexa9_0
19:54:36 INFO  : ps7_cortexa9_0 Processor is in use. Please stop existing Run or Debug sessions before launching.
19:54:37 INFO  : Processor reset is completed for ps7_cortexa9_0
19:56:05 INFO  : ps7_cortexa9_0 Processor is in use. Please stop existing Run or Debug sessions before launching.
19:56:07 INFO  : Processor reset is completed for ps7_cortexa9_0
19:56:59 INFO  : ps7_cortexa9_0 Processor is in use. Please stop existing Run or Debug sessions before launching.
19:57:01 INFO  : Processor reset is completed for ps7_cortexa9_0
19:58:57 INFO  : ps7_cortexa9_0 Processor is in use. Please stop existing Run or Debug sessions before launching.
19:58:59 INFO  : Processor reset is completed for ps7_cortexa9_0
20:01:14 INFO  : ps7_cortexa9_0 Processor is in use. Please stop existing Run or Debug sessions before launching.
20:01:16 INFO  : Processor reset is completed for ps7_cortexa9_0
20:04:46 INFO  : ps7_cortexa9_0 Processor is in use. Please stop existing Run or Debug sessions before launching.
20:04:48 INFO  : Processor reset is completed for ps7_cortexa9_0
20:06:11 INFO  : ps7_cortexa9_0 Processor is in use. Please stop existing Run or Debug sessions before launching.
20:06:12 INFO  : Processor reset is completed for ps7_cortexa9_0
20:09:19 INFO  : ps7_cortexa9_0 Processor is in use. Please stop existing Run or Debug sessions before launching.
20:09:24 INFO  : Processor reset is completed for ps7_cortexa9_0
20:11:16 INFO  : ps7_cortexa9_0 Processor is in use. Please stop existing Run or Debug sessions before launching.
20:11:18 INFO  : Processor reset is completed for ps7_cortexa9_0
20:17:58 INFO  : ps7_cortexa9_0 Processor is in use. Please stop existing Run or Debug sessions before launching.
20:18:00 INFO  : Processor reset is completed for ps7_cortexa9_0
20:19:55 INFO  : ps7_cortexa9_0 Processor is in use. Please stop existing Run or Debug sessions before launching.
20:19:57 INFO  : Processor reset is completed for ps7_cortexa9_0
20:26:09 INFO  : ps7_cortexa9_0 Processor is in use. Please stop existing Run or Debug sessions before launching.
20:26:10 INFO  : Processor reset is completed for ps7_cortexa9_0
20:28:40 INFO  : ps7_cortexa9_0 Processor is in use. Please stop existing Run or Debug sessions before launching.
20:28:42 INFO  : Processor reset is completed for ps7_cortexa9_0
20:29:44 INFO  : ps7_cortexa9_0 Processor is in use. Please stop existing Run or Debug sessions before launching.
20:29:45 INFO  : Processor reset is completed for ps7_cortexa9_0
20:30:14 INFO  : ps7_cortexa9_0 Processor is in use. Please stop existing Run or Debug sessions before launching.
20:30:16 INFO  : Processor reset is completed for ps7_cortexa9_0
20:30:39 INFO  : ps7_cortexa9_0 Processor is in use. Please stop existing Run or Debug sessions before launching.
20:30:40 INFO  : Processor reset is completed for ps7_cortexa9_0
20:34:30 INFO  : ps7_cortexa9_0 Processor is in use. Please stop existing Run or Debug sessions before launching.
20:34:32 INFO  : Processor reset is completed for ps7_cortexa9_0
20:34:58 INFO  : ps7_cortexa9_0 Processor is in use. Please stop existing Run or Debug sessions before launching.
20:35:00 INFO  : Processor reset is completed for ps7_cortexa9_0
20:35:47 INFO  : ps7_cortexa9_0 Processor is in use. Please stop existing Run or Debug sessions before launching.
20:35:48 INFO  : Processor reset is completed for ps7_cortexa9_0
20:36:04 INFO  : ps7_cortexa9_0 Processor is in use. Please stop existing Run or Debug sessions before launching.
20:36:06 INFO  : Processor reset is completed for ps7_cortexa9_0
20:36:19 INFO  : ps7_cortexa9_0 Processor is in use. Please stop existing Run or Debug sessions before launching.
20:36:20 INFO  : Processor reset is completed for ps7_cortexa9_0
20:38:40 INFO  : ps7_cortexa9_0 Processor is in use. Please stop existing Run or Debug sessions before launching.
20:38:41 INFO  : Processor reset is completed for ps7_cortexa9_0
20:44:34 INFO  : ps7_cortexa9_0 Processor is in use. Please stop existing Run or Debug sessions before launching.
20:44:39 INFO  : ps7_cortexa9_0 Processor is in use. Please stop existing Run or Debug sessions before launching.
20:44:41 INFO  : Processor reset is completed for ps7_cortexa9_0
20:46:54 INFO  : ps7_cortexa9_0 Processor is in use. Please stop existing Run or Debug sessions before launching.
20:46:56 INFO  : Processor reset is completed for ps7_cortexa9_0
20:47:49 INFO  : ps7_cortexa9_0 Processor is in use. Please stop existing Run or Debug sessions before launching.
20:47:50 INFO  : Processor reset is completed for ps7_cortexa9_0
20:48:45 INFO  : ps7_cortexa9_0 Processor is in use. Please stop existing Run or Debug sessions before launching.
20:48:46 INFO  : Processor reset is completed for ps7_cortexa9_0
20:49:21 INFO  : ps7_cortexa9_0 Processor is in use. Please stop existing Run or Debug sessions before launching.
20:49:22 INFO  : Processor reset is completed for ps7_cortexa9_0
20:50:35 INFO  : ps7_cortexa9_0 Processor is in use. Please stop existing Run or Debug sessions before launching.
20:50:36 INFO  : Processor reset is completed for ps7_cortexa9_0
20:50:54 INFO  : ps7_cortexa9_0 Processor is in use. Please stop existing Run or Debug sessions before launching.
20:50:55 INFO  : Processor reset is completed for ps7_cortexa9_0
20:51:10 INFO  : ps7_cortexa9_0 Processor is in use. Please stop existing Run or Debug sessions before launching.
20:51:12 INFO  : Processor reset is completed for ps7_cortexa9_0
20:51:59 INFO  : ps7_cortexa9_0 Processor is in use. Please stop existing Run or Debug sessions before launching.
20:52:02 INFO  : Processor reset is completed for ps7_cortexa9_0
20:59:15 ERROR : Unable to disconnect from existing targets
java.lang.NullPointerException
	at com.xilinx.sdk.targetmanager.internal.json.XMDJSONProcess.issueCommand(XMDJSONProcess.java:144)
	at com.xilinx.sdk.targetmanager.internal.TM.disconnectTarget(TM.java:338)
	at com.xilinx.sdk.targetmanager.internal.TM.disconnectExistingTargets(TM.java:320)
	at com.xilinx.sdk.targetmanager.internal.TM.terminate(TM.java:210)
	at com.xilinx.sdk.targetmanager.TMPlugin.stop(TMPlugin.java:57)
	at org.eclipse.osgi.framework.internal.core.BundleContextImpl$2.run(BundleContextImpl.java:771)
	at java.security.AccessController.doPrivileged(Native Method)
	at org.eclipse.osgi.framework.internal.core.BundleContextImpl.stop(BundleContextImpl.java:764)
	at org.eclipse.osgi.framework.internal.core.BundleHost.stopWorker(BundleHost.java:510)
	at org.eclipse.osgi.framework.internal.core.AbstractBundle.suspend(AbstractBundle.java:566)
	at org.eclipse.osgi.framework.internal.core.Framework.suspendBundle(Framework.java:1206)
	at org.eclipse.osgi.framework.internal.core.StartLevelManager.decFWSL(StartLevelManager.java:592)
	at org.eclipse.osgi.framework.internal.core.StartLevelManager.doSetStartLevel(StartLevelManager.java:257)
	at org.eclipse.osgi.framework.internal.core.StartLevelManager.shutdown(StartLevelManager.java:215)
	at org.eclipse.osgi.framework.internal.core.InternalSystemBundle.suspend(InternalSystemBundle.java:284)
	at org.eclipse.osgi.framework.internal.core.Framework.shutdown(Framework.java:692)
	at org.eclipse.osgi.framework.internal.core.Framework.close(Framework.java:600)
	at org.eclipse.core.runtime.adaptor.EclipseStarter.shutdown(EclipseStarter.java:399)
	at org.eclipse.core.runtime.adaptor.EclipseStarter.run(EclipseStarter.java:199)
	at sun.reflect.NativeMethodAccessorImpl.invoke0(Native Method)
	at sun.reflect.NativeMethodAccessorImpl.invoke(NativeMethodAccessorImpl.java:57)
	at sun.reflect.DelegatingMethodAccessorImpl.invoke(DelegatingMethodAccessorImpl.java:43)
	at java.lang.reflect.Method.invoke(Method.java:606)
	at org.eclipse.equinox.launcher.Main.invokeFramework(Main.java:629)
	at org.eclipse.equinox.launcher.Main.basicRun(Main.java:584)
	at org.eclipse.equinox.launcher.Main.run(Main.java:1438)
20:59:15 ERROR : Unexpected error while parsing XMD response ?: com.google.gson.JsonSyntaxException: com.google.gson.stream.MalformedJsonException: invalid number or unquoted string near 
18:12:21 INFO  : Processing command line option -hwspec D:/GIT/Zybo/VGA/source/vivado/hw/zybo_bsd/zybo_bsd.sdk/system_wrapper.hdf.
18:12:22 INFO  : Checking for hwspec changes in the project system_wrapper_hw_platform_0.
19:49:30 INFO  : Processing command line option -hwspec D:/GIT/Zybo/VGA/source/vivado/hw/zybo_bsd/zybo_bsd.sdk/system_wrapper.hdf.
19:49:31 INFO  : Checking for hwspec changes in the project system_wrapper_hw_platform_0.
13:19:58 INFO  : Processing command line option -hwspec C:/DATOS/GIT/VGA/source/vivado/hw/zybo_bsd/zybo_bsd.sdk/system_wrapper.hdf.
13:20:02 WARN  :  [Hsm 55-1607] Software Repository Paths d:/GIT/Zybo/zybo_base_system/source/vivado/hw/lib/Digilent/axi_dispctrl_1.0 and C:/DATOS/GIT/VGA/source/vivado/hw/zybo_bsd/zybo_bsd.sdk/system_wrapper_hw_platform_1/../../../../../../lib/Digilent/axi_dispctrl_1.0 do not exist or not accessible
 [Hsm 55-1607] Software Repository Paths d:/GIT/Zybo/zybo_base_system/source/vivado/hw/lib/ADI/axi_i2s_adi_1.0 and C:/DATOS/GIT/VGA/source/vivado/hw/zybo_bsd/zybo_bsd.sdk/system_wrapper_hw_platform_1/../../../../../../lib/ADI/axi_i2s_adi_1.0 do not exist or not accessible
13:20:02 WARN  :  [Hsm 55-1607] Software Repository Paths d:/GIT/Zybo/zybo_base_system/source/vivado/hw/lib/Digilent/axi_dispctrl_1.0 and C:/DATOS/GIT/VGA/source/vivado/hw/zybo_bsd/zybo_bsd.sdk/system_wrapper_hw_platform_1/../../../../../../lib/Digilent/axi_dispctrl_1.0 do not exist or not accessible
 [Hsm 55-1607] Software Repository Paths d:/GIT/Zybo/zybo_base_system/source/vivado/hw/lib/ADI/axi_i2s_adi_1.0 and C:/DATOS/GIT/VGA/source/vivado/hw/zybo_bsd/zybo_bsd.sdk/system_wrapper_hw_platform_1/../../../../../../lib/ADI/axi_i2s_adi_1.0 do not exist or not accessible
13:20:02 WARN  :  [Hsm 55-1607] Software Repository Paths d:/GIT/Zybo/zybo_base_system/source/vivado/hw/lib/Digilent/axi_dispctrl_1.0 and C:/DATOS/GIT/VGA/source/vivado/hw/zybo_bsd/zybo_bsd.sdk/system_wrapper_hw_platform_1/../../../../../../lib/Digilent/axi_dispctrl_1.0 do not exist or not accessible
 [Hsm 55-1607] Software Repository Paths d:/GIT/Zybo/zybo_base_system/source/vivado/hw/lib/ADI/axi_i2s_adi_1.0 and C:/DATOS/GIT/VGA/source/vivado/hw/zybo_bsd/zybo_bsd.sdk/system_wrapper_hw_platform_1/../../../../../../lib/ADI/axi_i2s_adi_1.0 do not exist or not accessible
13:20:03 WARN  :  [Hsm 55-1607] Software Repository Paths d:/GIT/Zybo/zybo_base_system/source/vivado/hw/lib/Digilent/axi_dispctrl_1.0 and C:/DATOS/GIT/VGA/source/vivado/hw/zybo_bsd/zybo_bsd.sdk/system_wrapper_hw_platform_1/../../../../../../lib/Digilent/axi_dispctrl_1.0 do not exist or not accessible
 [Hsm 55-1607] Software Repository Paths d:/GIT/Zybo/zybo_base_system/source/vivado/hw/lib/ADI/axi_i2s_adi_1.0 and C:/DATOS/GIT/VGA/source/vivado/hw/zybo_bsd/zybo_bsd.sdk/system_wrapper_hw_platform_1/../../../../../../lib/ADI/axi_i2s_adi_1.0 do not exist or not accessible
13:50:14 INFO  : Processing command line option -hwspec C:/DATOS/GIT/VGA/source/vivado/hw/zybo_bsd/zybo_bsd.sdk/system_wrapper.hdf.
13:50:15 INFO  : Checking for hwspec changes in the project system_wrapper_hw_platform_1.
16:38:22 INFO  : Processing command line option -hwspec C:/DATOS/GIT/VGA/source/vivado/hw/zybo_bsd/zybo_bsd.sdk/system_wrapper.hdf.
16:38:23 INFO  : Checking for hwspec changes in the project system_wrapper_hw_platform_1.
17:17:08 WARN  :  [Hsm 55-1607] Software Repository Paths d:/GIT/Zybo/zybo_base_system/source/vivado/hw/lib/Digilent/axi_dispctrl_1.0 and C:/DATOS/GIT/VGA/source/vivado/hw/zybo_bsd/zybo_bsd.sdk/system_wrapper_hw_platform_0/../../../../../../lib/Digilent/axi_dispctrl_1.0 do not exist or not accessible
 [Hsm 55-1607] Software Repository Paths d:/GIT/Zybo/zybo_base_system/source/vivado/hw/lib/ADI/axi_i2s_adi_1.0 and C:/DATOS/GIT/VGA/source/vivado/hw/zybo_bsd/zybo_bsd.sdk/system_wrapper_hw_platform_0/../../../../../../lib/ADI/axi_i2s_adi_1.0 do not exist or not accessible
17:17:09 WARN  :  [Hsm 55-1607] Software Repository Paths d:/GIT/Zybo/zybo_base_system/source/vivado/hw/lib/Digilent/axi_dispctrl_1.0 and C:/DATOS/GIT/VGA/source/vivado/hw/zybo_bsd/zybo_bsd.sdk/system_wrapper_hw_platform_0/../../../../../../lib/Digilent/axi_dispctrl_1.0 do not exist or not accessible
 [Hsm 55-1607] Software Repository Paths d:/GIT/Zybo/zybo_base_system/source/vivado/hw/lib/ADI/axi_i2s_adi_1.0 and C:/DATOS/GIT/VGA/source/vivado/hw/zybo_bsd/zybo_bsd.sdk/system_wrapper_hw_platform_0/../../../../../../lib/ADI/axi_i2s_adi_1.0 do not exist or not accessible
17:17:21 INFO  : FPGA configured successfully with bitstream "C:/DATOS/GIT/VGA/source/vivado/hw/zybo_bsd/zybo_bsd.sdk/system_wrapper_hw_platform_0/system_wrapper.bit"
17:17:33 INFO  : ps7_init is completed.
17:17:33 INFO  : ps7_post_config is completed.
17:17:34 INFO  : Processor reset is completed for ps7_cortexa9_0
17:17:54 ERROR :  [Hsm 55-1594] Core axi_dispctrl of version 1.00.a not found in repositories
 [Hsm 55-1594] Core axi_dispctrl of version 1.00.a not found in repositories
 [Hsm 55-1594] Core axi_i2s_adi of version 1.00.a not found in repositories
17:17:56 ERROR :  [Hsm 55-1594] Core axi_dispctrl of version 1.00.a not found in repositories
 [Hsm 55-1594] Core axi_dispctrl of version 1.00.a not found in repositories
 [Hsm 55-1594] Core axi_i2s_adi of version 1.00.a not found in repositories
17:17:56 ERROR :  [Hsm 55-1594] Core axi_dispctrl of version 1.00.a not found in repositories
 [Hsm 55-1594] Core axi_dispctrl of version 1.00.a not found in repositories
 [Hsm 55-1594] Core axi_i2s_adi of version 1.00.a not found in repositories
 [Hsm 55-1594] Core axi_dispctrl of version 1.00.a not found in repositories
 [Hsm 55-1594] Core axi_dispctrl of version 1.00.a not found in repositories
 [Hsm 55-1594] Core axi_i2s_adi of version 1.00.a not found in repositories
 [Hsm 55-1430] Driver Name is empty
17:17:56 ERROR :  [Hsm 55-1594] Core axi_dispctrl of version 1.00.a not found in repositories
 [Hsm 55-1594] Core axi_dispctrl of version 1.00.a not found in repositories
 [Hsm 55-1594] Core axi_i2s_adi of version 1.00.a not found in repositories
 [Hsm 55-1594] Core axi_dispctrl of version 1.00.a not found in repositories
 [Hsm 55-1594] Core axi_dispctrl of version 1.00.a not found in repositories
 [Hsm 55-1594] Core axi_i2s_adi of version 1.00.a not found in repositories
17:17:56 ERROR :  [Hsm 55-1594] Core axi_dispctrl of version 1.00.a not found in repositories
 [Hsm 55-1594] Core axi_dispctrl of version 1.00.a not found in repositories
 [Hsm 55-1594] Core axi_i2s_adi of version 1.00.a not found in repositories
 [Hsm 55-1594] Core axi_dispctrl of version 1.00.a not found in repositories
 [Hsm 55-1594] Core axi_dispctrl of version 1.00.a not found in repositories
 [Hsm 55-1594] Core axi_i2s_adi of version 1.00.a not found in repositories
17:18:15 ERROR :  [Hsm 55-1594] Core axi_dispctrl of version 1.00.a not found in repositories
 [Hsm 55-1594] Core axi_dispctrl of version 1.00.a not found in repositories
 [Hsm 55-1594] Core axi_i2s_adi of version 1.00.a not found in repositories
17:18:19 ERROR :  [Hsm 55-1594] Core axi_dispctrl of version 1.00.a not found in repositories
 [Hsm 55-1594] Core axi_dispctrl of version 1.00.a not found in repositories
 [Hsm 55-1594] Core axi_i2s_adi of version 1.00.a not found in repositories
17:18:19 ERROR :  [Hsm 55-1594] Core axi_dispctrl of version 1.00.a not found in repositories
 [Hsm 55-1594] Core axi_dispctrl of version 1.00.a not found in repositories
 [Hsm 55-1594] Core axi_i2s_adi of version 1.00.a not found in repositories
17:18:22 ERROR :  [Hsm 55-1594] Core axi_dispctrl of version 1.00.a not found in repositories
 [Hsm 55-1594] Core axi_dispctrl of version 1.00.a not found in repositories
 [Hsm 55-1594] Core axi_i2s_adi of version 1.00.a not found in repositories
 [Hsm 55-1594] Core axi_dispctrl of version 1.00.a not found in repositories
 [Hsm 55-1594] Core axi_dispctrl of version 1.00.a not found in repositories
 [Hsm 55-1594] Core axi_i2s_adi of version 1.00.a not found in repositories
17:18:27 INFO  : Processor reset is completed for ps7_cortexa9_0
17:20:33 INFO  : Processor reset is completed for ps7_cortexa9_0
17:22:28 ERROR :  [Hsm 55-1594] Core axi_dispctrl of version 1.00.a not found in repositories
 [Hsm 55-1594] Core axi_dispctrl of version 1.00.a not found in repositories
 [Hsm 55-1594] Core axi_i2s_adi of version 1.00.a not found in repositories
17:22:28 ERROR :  [Hsm 55-1594] Core axi_dispctrl of version 1.00.a not found in repositories
 [Hsm 55-1594] Core axi_dispctrl of version 1.00.a not found in repositories
 [Hsm 55-1594] Core axi_i2s_adi of version 1.00.a not found in repositories
17:22:31 ERROR :  [Hsm 55-1594] Core axi_dispctrl of version 1.00.a not found in repositories
 [Hsm 55-1594] Core axi_dispctrl of version 1.00.a not found in repositories
 [Hsm 55-1594] Core axi_i2s_adi of version 1.00.a not found in repositories
17:22:31 ERROR :  [Hsm 55-1594] Core axi_dispctrl of version 1.00.a not found in repositories
 [Hsm 55-1594] Core axi_dispctrl of version 1.00.a not found in repositories
 [Hsm 55-1594] Core axi_i2s_adi of version 1.00.a not found in repositories
 [Hsm 55-1594] Core axi_dispctrl of version 1.00.a not found in repositories
 [Hsm 55-1594] Core axi_dispctrl of version 1.00.a not found in repositories
 [Hsm 55-1594] Core axi_i2s_adi of version 1.00.a not found in repositories
 [Hsm 55-1430] Driver Name is empty
17:22:31 ERROR :  [Hsm 55-1594] Core axi_dispctrl of version 1.00.a not found in repositories
 [Hsm 55-1594] Core axi_dispctrl of version 1.00.a not found in repositories
 [Hsm 55-1594] Core axi_i2s_adi of version 1.00.a not found in repositories
 [Hsm 55-1594] Core axi_dispctrl of version 1.00.a not found in repositories
 [Hsm 55-1594] Core axi_dispctrl of version 1.00.a not found in repositories
 [Hsm 55-1594] Core axi_i2s_adi of version 1.00.a not found in repositories
17:22:31 ERROR :  [Hsm 55-1594] Core axi_dispctrl of version 1.00.a not found in repositories
 [Hsm 55-1594] Core axi_dispctrl of version 1.00.a not found in repositories
 [Hsm 55-1594] Core axi_i2s_adi of version 1.00.a not found in repositories
 [Hsm 55-1594] Core axi_dispctrl of version 1.00.a not found in repositories
 [Hsm 55-1594] Core axi_dispctrl of version 1.00.a not found in repositories
 [Hsm 55-1594] Core axi_i2s_adi of version 1.00.a not found in repositories
17:28:38 ERROR :  [Hsm 55-1594] Core axi_dispctrl of version 1.00.a not found in repositories
 [Hsm 55-1594] Core axi_dispctrl of version 1.00.a not found in repositories
 [Hsm 55-1594] Core axi_i2s_adi of version 1.00.a not found in repositories
17:29:47 ERROR :  [Hsm 55-1430] Driver Name is empty
17:30:16 ERROR : Unexpected error while parsing XMD response ?: com.google.gson.JsonSyntaxException: com.google.gson.stream.MalformedJsonException: invalid number or unquoted string near 
17:31:08 WARN  :  [Hsm 55-1607] Software Repository Paths d:/GIT/Zybo/zybo_base_system/source/vivado/hw/lib/Digilent/axi_dispctrl_1.0 and C:/DATOS/GIT/VGA/source/vivado/hw/zybo_bsd/zybo_bsd.sdk/system_wrapper_hw_platform_0/../../../../../../lib/Digilent/axi_dispctrl_1.0 do not exist or not accessible
 [Hsm 55-1607] Software Repository Paths d:/GIT/Zybo/zybo_base_system/source/vivado/hw/lib/ADI/axi_i2s_adi_1.0 and C:/DATOS/GIT/VGA/source/vivado/hw/zybo_bsd/zybo_bsd.sdk/system_wrapper_hw_platform_0/../../../../../../lib/ADI/axi_i2s_adi_1.0 do not exist or not accessible
17:31:08 WARN  :  [Hsm 55-1607] Software Repository Paths d:/GIT/Zybo/zybo_base_system/source/vivado/hw/lib/Digilent/axi_dispctrl_1.0 and C:/DATOS/GIT/VGA/source/vivado/hw/zybo_bsd/zybo_bsd.sdk/system_wrapper_hw_platform_0/../../../../../../lib/Digilent/axi_dispctrl_1.0 do not exist or not accessible
 [Hsm 55-1607] Software Repository Paths d:/GIT/Zybo/zybo_base_system/source/vivado/hw/lib/ADI/axi_i2s_adi_1.0 and C:/DATOS/GIT/VGA/source/vivado/hw/zybo_bsd/zybo_bsd.sdk/system_wrapper_hw_platform_0/../../../../../../lib/ADI/axi_i2s_adi_1.0 do not exist or not accessible
17:31:08 ERROR :  [Hsm 55-1594] Core axi_dispctrl of version 1.00.a not found in repositories
 [Hsm 55-1594] Core axi_dispctrl of version 1.00.a not found in repositories
 [Hsm 55-1594] Core axi_i2s_adi of version 1.00.a not found in repositories
17:31:08 ERROR :  [Hsm 55-1594] Core axi_dispctrl of version 1.00.a not found in repositories
 [Hsm 55-1594] Core axi_dispctrl of version 1.00.a not found in repositories
 [Hsm 55-1594] Core axi_i2s_adi of version 1.00.a not found in repositories
 [Hsm 55-1594] Core axi_dispctrl of version 1.00.a not found in repositories
 [Hsm 55-1594] Core axi_dispctrl of version 1.00.a not found in repositories
 [Hsm 55-1594] Core axi_i2s_adi of version 1.00.a not found in repositories
 [Hsm 55-1594] Core  of version  not found in repositories
17:31:08 ERROR :  [Hsm 55-1430] Driver Name is empty
17:31:08 ERROR :  [Hsm 55-1594] Core axi_dispctrl of version 1.00.a not found in repositories
 [Hsm 55-1594] Core axi_dispctrl of version 1.00.a not found in repositories
 [Hsm 55-1594] Core axi_i2s_adi of version 1.00.a not found in repositories
17:31:08 ERROR :  [Hsm 55-1594] Core axi_dispctrl of version 1.00.a not found in repositories
 [Hsm 55-1594] Core axi_dispctrl of version 1.00.a not found in repositories
 [Hsm 55-1594] Core axi_i2s_adi of version 1.00.a not found in repositories
 [Hsm 55-1594] Core axi_dispctrl of version 1.00.a not found in repositories
 [Hsm 55-1594] Core axi_dispctrl of version 1.00.a not found in repositories
 [Hsm 55-1594] Core axi_i2s_adi of version 1.00.a not found in repositories
 [Hsm 55-1594] Core axi_dispctrl of version 1.00.a not found in repositories
 [Hsm 55-1594] Core axi_dispctrl of version 1.00.a not found in repositories
 [Hsm 55-1594] Core axi_i2s_adi of version 1.00.a not found in repositories
17:31:10 INFO  : Processing command line option -hwspec C:/DATOS/GIT/VGA/source/vivado/hw/zybo_bsd/zybo_bsd.sdk/system_wrapper.hdf.
17:31:10 WARN  :  [Hsm 55-1607] Software Repository Paths d:/GIT/Zybo/zybo_base_system/source/vivado/hw/lib/Digilent/axi_dispctrl_1.0 and C:/DATOS/GIT/VGA/source/vivado/hw/zybo_bsd/zybo_bsd.sdk/system_wrapper_hw_platform_1/../../../../../../lib/Digilent/axi_dispctrl_1.0 do not exist or not accessible
 [Hsm 55-1607] Software Repository Paths d:/GIT/Zybo/zybo_base_system/source/vivado/hw/lib/ADI/axi_i2s_adi_1.0 and C:/DATOS/GIT/VGA/source/vivado/hw/zybo_bsd/zybo_bsd.sdk/system_wrapper_hw_platform_1/../../../../../../lib/ADI/axi_i2s_adi_1.0 do not exist or not accessible
17:31:11 WARN  :  [Hsm 55-1607] Software Repository Paths d:/GIT/Zybo/zybo_base_system/source/vivado/hw/lib/Digilent/axi_dispctrl_1.0 and C:/DATOS/GIT/VGA/source/vivado/hw/zybo_bsd/zybo_bsd.sdk/system_wrapper_hw_platform_1/../../../../../../lib/Digilent/axi_dispctrl_1.0 do not exist or not accessible
 [Hsm 55-1607] Software Repository Paths d:/GIT/Zybo/zybo_base_system/source/vivado/hw/lib/ADI/axi_i2s_adi_1.0 and C:/DATOS/GIT/VGA/source/vivado/hw/zybo_bsd/zybo_bsd.sdk/system_wrapper_hw_platform_1/../../../../../../lib/ADI/axi_i2s_adi_1.0 do not exist or not accessible
17:31:11 WARN  :  [Hsm 55-1607] Software Repository Paths d:/GIT/Zybo/zybo_base_system/source/vivado/hw/lib/Digilent/axi_dispctrl_1.0 and C:/DATOS/GIT/VGA/source/vivado/hw/zybo_bsd/zybo_bsd.sdk/system_wrapper_hw_platform_1/../../../../../../lib/Digilent/axi_dispctrl_1.0 do not exist or not accessible
 [Hsm 55-1607] Software Repository Paths d:/GIT/Zybo/zybo_base_system/source/vivado/hw/lib/ADI/axi_i2s_adi_1.0 and C:/DATOS/GIT/VGA/source/vivado/hw/zybo_bsd/zybo_bsd.sdk/system_wrapper_hw_platform_1/../../../../../../lib/ADI/axi_i2s_adi_1.0 do not exist or not accessible
17:31:11 WARN  :  [Hsm 55-1607] Software Repository Paths d:/GIT/Zybo/zybo_base_system/source/vivado/hw/lib/Digilent/axi_dispctrl_1.0 and C:/DATOS/GIT/VGA/source/vivado/hw/zybo_bsd/zybo_bsd.sdk/system_wrapper_hw_platform_1/../../../../../../lib/Digilent/axi_dispctrl_1.0 do not exist or not accessible
 [Hsm 55-1607] Software Repository Paths d:/GIT/Zybo/zybo_base_system/source/vivado/hw/lib/ADI/axi_i2s_adi_1.0 and C:/DATOS/GIT/VGA/source/vivado/hw/zybo_bsd/zybo_bsd.sdk/system_wrapper_hw_platform_1/../../../../../../lib/ADI/axi_i2s_adi_1.0 do not exist or not accessible
17:34:50 ERROR :  [Hsm 55-1594] Core axi_dispctrl of version 1.00.a not found in repositories
 [Hsm 55-1594] Core axi_dispctrl of version 1.00.a not found in repositories
 [Hsm 55-1594] Core axi_i2s_adi of version 1.00.a not found in repositories
17:34:50 ERROR :  [Hsm 55-1594] Core axi_dispctrl of version 1.00.a not found in repositories
 [Hsm 55-1594] Core axi_dispctrl of version 1.00.a not found in repositories
 [Hsm 55-1594] Core axi_i2s_adi of version 1.00.a not found in repositories
 [Hsm 55-1594] Core axi_dispctrl of version 1.00.a not found in repositories
 [Hsm 55-1594] Core axi_dispctrl of version 1.00.a not found in repositories
 [Hsm 55-1594] Core axi_i2s_adi of version 1.00.a not found in repositories
17:34:50 ERROR :  [Hsm 55-1594] Core axi_dispctrl of version 1.00.a not found in repositories
 [Hsm 55-1594] Core axi_dispctrl of version 1.00.a not found in repositories
 [Hsm 55-1594] Core axi_i2s_adi of version 1.00.a not found in repositories
17:34:50 ERROR :  [Hsm 55-1594] Core axi_dispctrl of version 1.00.a not found in repositories
 [Hsm 55-1594] Core axi_dispctrl of version 1.00.a not found in repositories
 [Hsm 55-1594] Core axi_i2s_adi of version 1.00.a not found in repositories
 [Hsm 55-1594] Core axi_dispctrl of version 1.00.a not found in repositories
 [Hsm 55-1594] Core axi_dispctrl of version 1.00.a not found in repositories
 [Hsm 55-1594] Core axi_i2s_adi of version 1.00.a not found in repositories
17:37:29 INFO  : FPGA configured successfully with bitstream "C:/DATOS/GIT/VGA/source/vivado/hw/zybo_bsd/zybo_bsd.sdk/system_wrapper_hw_platform_0/system_wrapper.bit"
17:37:48 INFO  : Processor reset is completed for ps7_cortexa9_0
19:11:34 INFO  : FPGA configured successfully with bitstream "C:/DATOS/GIT/VGA/source/vivado/hw/zybo_bsd/zybo_bsd.sdk/system_wrapper_hw_platform_0/system_wrapper.bit"
19:12:32 INFO  : ps7_init is completed.
19:12:32 INFO  : ps7_post_config is completed.
19:12:32 INFO  : Processor reset is completed for ps7_cortexa9_0
19:13:13 INFO  : ps7_cortexa9_0 Processor is in use. Please stop existing Run or Debug sessions before launching.
19:13:23 INFO  : Processor reset is completed for ps7_cortexa9_0
19:13:46 INFO  : FPGA configured successfully with bitstream "C:/DATOS/GIT/VGA/source/vivado/hw/zybo_bsd/zybo_bsd.sdk/system_wrapper_hw_platform_0/system_wrapper.bit"
19:13:58 INFO  : ps7_cortexa9_0 Processor is in use. Please stop existing Run or Debug sessions before launching.
19:14:14 ERROR : Unexpected error while parsing XMD response ?: com.google.gson.JsonSyntaxException: com.google.gson.stream.MalformedJsonException: invalid number or unquoted string near 
19:14:27 INFO  : Processing command line option -hwspec C:/DATOS/GIT/VGA/source/vivado/hw/zybo_bsd/zybo_bsd.sdk/system_wrapper.hdf.
19:14:31 WARN  :  [Hsm 55-1607] Software Repository Paths d:/GIT/Zybo/zybo_base_system/source/vivado/hw/lib/Digilent/axi_dispctrl_1.0 and C:/DATOS/GIT/VGA/source/vivado/hw/zybo_bsd/zybo_bsd.sdk/system_wrapper_hw_platform_0/../../../../../../lib/Digilent/axi_dispctrl_1.0 do not exist or not accessible
 [Hsm 55-1607] Software Repository Paths d:/GIT/Zybo/zybo_base_system/source/vivado/hw/lib/ADI/axi_i2s_adi_1.0 and C:/DATOS/GIT/VGA/source/vivado/hw/zybo_bsd/zybo_bsd.sdk/system_wrapper_hw_platform_0/../../../../../../lib/ADI/axi_i2s_adi_1.0 do not exist or not accessible
19:14:32 WARN  :  [Hsm 55-1607] Software Repository Paths d:/GIT/Zybo/zybo_base_system/source/vivado/hw/lib/Digilent/axi_dispctrl_1.0 and C:/DATOS/GIT/VGA/source/vivado/hw/zybo_bsd/zybo_bsd.sdk/system_wrapper_hw_platform_1/../../../../../../lib/Digilent/axi_dispctrl_1.0 do not exist or not accessible
 [Hsm 55-1607] Software Repository Paths d:/GIT/Zybo/zybo_base_system/source/vivado/hw/lib/ADI/axi_i2s_adi_1.0 and C:/DATOS/GIT/VGA/source/vivado/hw/zybo_bsd/zybo_bsd.sdk/system_wrapper_hw_platform_1/../../../../../../lib/ADI/axi_i2s_adi_1.0 do not exist or not accessible
19:14:32 WARN  :  [Hsm 55-1607] Software Repository Paths d:/GIT/Zybo/zybo_base_system/source/vivado/hw/lib/Digilent/axi_dispctrl_1.0 and C:/DATOS/GIT/VGA/source/vivado/hw/zybo_bsd/zybo_bsd.sdk/system_wrapper_hw_platform_1/../../../../../../lib/Digilent/axi_dispctrl_1.0 do not exist or not accessible
 [Hsm 55-1607] Software Repository Paths d:/GIT/Zybo/zybo_base_system/source/vivado/hw/lib/ADI/axi_i2s_adi_1.0 and C:/DATOS/GIT/VGA/source/vivado/hw/zybo_bsd/zybo_bsd.sdk/system_wrapper_hw_platform_1/../../../../../../lib/ADI/axi_i2s_adi_1.0 do not exist or not accessible
19:14:32 WARN  :  [Hsm 55-1607] Software Repository Paths d:/GIT/Zybo/zybo_base_system/source/vivado/hw/lib/Digilent/axi_dispctrl_1.0 and C:/DATOS/GIT/VGA/source/vivado/hw/zybo_bsd/zybo_bsd.sdk/system_wrapper_hw_platform_1/../../../../../../lib/Digilent/axi_dispctrl_1.0 do not exist or not accessible
 [Hsm 55-1607] Software Repository Paths d:/GIT/Zybo/zybo_base_system/source/vivado/hw/lib/ADI/axi_i2s_adi_1.0 and C:/DATOS/GIT/VGA/source/vivado/hw/zybo_bsd/zybo_bsd.sdk/system_wrapper_hw_platform_1/../../../../../../lib/ADI/axi_i2s_adi_1.0 do not exist or not accessible
19:14:32 ERROR :  [Hsm 55-1681] C:\DATOS\GIT\VGA\source\vivado\hw\zybo_bsd\zybo_bsd.sdk\system_wrapper_hw_platform_1\system.hdf doesn't have Hardware Handoff XML
19:14:33 WARN  :  [Hsm 55-1607] Software Repository Paths d:/GIT/Zybo/zybo_base_system/source/vivado/hw/lib/Digilent/axi_dispctrl_1.0 and C:/DATOS/GIT/VGA/source/vivado/hw/zybo_bsd/zybo_bsd.sdk/system_wrapper_hw_platform_1/../../../../../../lib/Digilent/axi_dispctrl_1.0 do not exist or not accessible
 [Hsm 55-1607] Software Repository Paths d:/GIT/Zybo/zybo_base_system/source/vivado/hw/lib/ADI/axi_i2s_adi_1.0 and C:/DATOS/GIT/VGA/source/vivado/hw/zybo_bsd/zybo_bsd.sdk/system_wrapper_hw_platform_1/../../../../../../lib/ADI/axi_i2s_adi_1.0 do not exist or not accessible
19:14:54 INFO  : FPGA configured successfully with bitstream "C:/DATOS/GIT/VGA/source/vivado/hw/zybo_bsd/zybo_bsd.sdk/system_wrapper_hw_platform_0/system_wrapper.bit"
19:15:14 INFO  : ps7_init is completed.
19:15:14 INFO  : ps7_post_config is completed.
19:15:14 INFO  : Processor reset is completed for ps7_cortexa9_0
19:18:04 INFO  : Processor reset is completed for ps7_cortexa9_0
19:20:35 INFO  : ps7_cortexa9_0 Processor is in use. Please stop existing Run or Debug sessions before launching.
19:21:10 INFO  : Processor reset is completed for ps7_cortexa9_0
19:23:33 INFO  : FPGA configured successfully with bitstream "C:/DATOS/GIT/VGA/source/vivado/hw/zybo_bsd/zybo_bsd.sdk/system_wrapper_hw_platform_0/system_wrapper.bit"
19:24:14 INFO  : Processor reset is completed for ps7_cortexa9_0
19:25:15 INFO  : ps7_cortexa9_0 Processor is in use. Please stop existing Run or Debug sessions before launching.
19:25:27 INFO  : Processor reset is completed for ps7_cortexa9_0
19:26:09 INFO  : FPGA configured successfully with bitstream "C:/DATOS/GIT/VGA/source/vivado/hw/zybo_bsd/zybo_bsd.sdk/system_wrapper_hw_platform_0/system_wrapper.bit"
19:26:21 INFO  : ps7_init is completed.
19:26:21 INFO  : ps7_post_config is completed.
19:26:21 INFO  : Processor reset is completed for ps7_cortexa9_0
19:30:05 ERROR :  [Hsm 55-1594] Core axi_dispctrl of version 1.00.a not found in repositories
 [Hsm 55-1594] Core axi_dispctrl of version 1.00.a not found in repositories
 [Hsm 55-1594] Core axi_i2s_adi of version 1.00.a not found in repositories
19:30:05 ERROR :  [Hsm 55-1594] Core axi_dispctrl of version 1.00.a not found in repositories
 [Hsm 55-1594] Core axi_dispctrl of version 1.00.a not found in repositories
 [Hsm 55-1594] Core axi_i2s_adi of version 1.00.a not found in repositories
19:30:28 ERROR :  [Hsm 55-1594] Core axi_dispctrl of version 1.00.a not found in repositories
 [Hsm 55-1594] Core axi_dispctrl of version 1.00.a not found in repositories
 [Hsm 55-1594] Core axi_i2s_adi of version 1.00.a not found in repositories
 [Hsm 55-1594] Core axi_dispctrl of version 1.00.a not found in repositories
 [Hsm 55-1594] Core axi_dispctrl of version 1.00.a not found in repositories
 [Hsm 55-1594] Core axi_i2s_adi of version 1.00.a not found in repositories
19:30:33 INFO  : FPGA configured successfully with bitstream "C:/DATOS/GIT/VGA/source/vivado/hw/zybo_bsd/zybo_bsd.sdk/system_wrapper_hw_platform_0/system_wrapper.bit"
19:30:36 ERROR :  [Hsm 55-1594] Core axi_dispctrl of version 1.00.a not found in repositories
 [Hsm 55-1594] Core axi_dispctrl of version 1.00.a not found in repositories
 [Hsm 55-1594] Core axi_i2s_adi of version 1.00.a not found in repositories
19:30:36 ERROR :  [Hsm 55-1594] Core axi_dispctrl of version 1.00.a not found in repositories
 [Hsm 55-1594] Core axi_dispctrl of version 1.00.a not found in repositories
 [Hsm 55-1594] Core axi_i2s_adi of version 1.00.a not found in repositories
19:30:37 ERROR :  [Hsm 55-1594] Core axi_dispctrl of version 1.00.a not found in repositories
 [Hsm 55-1594] Core axi_dispctrl of version 1.00.a not found in repositories
 [Hsm 55-1594] Core axi_i2s_adi of version 1.00.a not found in repositories
19:30:41 ERROR :  [Hsm 55-1594] Core axi_dispctrl of version 1.00.a not found in repositories
 [Hsm 55-1594] Core axi_dispctrl of version 1.00.a not found in repositories
 [Hsm 55-1594] Core axi_i2s_adi of version 1.00.a not found in repositories
19:30:41 ERROR :  [Hsm 55-1594] Core axi_dispctrl of version 1.00.a not found in repositories
 [Hsm 55-1594] Core axi_dispctrl of version 1.00.a not found in repositories
 [Hsm 55-1594] Core axi_i2s_adi of version 1.00.a not found in repositories
19:30:43 ERROR :  [Hsm 55-1594] Core axi_dispctrl of version 1.00.a not found in repositories
 [Hsm 55-1594] Core axi_dispctrl of version 1.00.a not found in repositories
 [Hsm 55-1594] Core axi_i2s_adi of version 1.00.a not found in repositories
 [Hsm 55-1594] Core axi_dispctrl of version 1.00.a not found in repositories
 [Hsm 55-1594] Core axi_dispctrl of version 1.00.a not found in repositories
 [Hsm 55-1594] Core axi_i2s_adi of version 1.00.a not found in repositories
19:30:45 INFO  : ps7_init is completed.
19:30:45 INFO  : ps7_post_config is completed.
19:30:46 INFO  : Processor reset is completed for ps7_cortexa9_0
19:31:24 ERROR :  [Hsm 55-1594] Core axi_dispctrl of version 1.00.a not found in repositories
 [Hsm 55-1594] Core axi_dispctrl of version 1.00.a not found in repositories
 [Hsm 55-1594] Core axi_i2s_adi of version 1.00.a not found in repositories
19:31:25 ERROR :  [Hsm 55-1594] Core axi_dispctrl of version 1.00.a not found in repositories
 [Hsm 55-1594] Core axi_dispctrl of version 1.00.a not found in repositories
 [Hsm 55-1594] Core axi_i2s_adi of version 1.00.a not found in repositories
19:31:35 ERROR :  [Hsm 55-1594] Core axi_dispctrl of version 1.00.a not found in repositories
 [Hsm 55-1594] Core axi_dispctrl of version 1.00.a not found in repositories
 [Hsm 55-1594] Core axi_i2s_adi of version 1.00.a not found in repositories
19:31:35 ERROR :  [Hsm 55-1594] Core axi_dispctrl of version 1.00.a not found in repositories
 [Hsm 55-1594] Core axi_dispctrl of version 1.00.a not found in repositories
 [Hsm 55-1594] Core axi_i2s_adi of version 1.00.a not found in repositories
19:34:36 ERROR :  [Hsm 55-1594] Core axi_dispctrl of version 1.00.a not found in repositories
 [Hsm 55-1594] Core axi_dispctrl of version 1.00.a not found in repositories
 [Hsm 55-1594] Core axi_i2s_adi of version 1.00.a not found in repositories
 [Hsm 55-1594] Core axi_dispctrl of version 1.00.a not found in repositories
 [Hsm 55-1594] Core axi_dispctrl of version 1.00.a not found in repositories
 [Hsm 55-1594] Core axi_i2s_adi of version 1.00.a not found in repositories
19:34:43 INFO  : FPGA configured successfully with bitstream "C:/DATOS/GIT/VGA/source/vivado/hw/zybo_bsd/zybo_bsd.sdk/system_wrapper_hw_platform_0/system_wrapper.bit"
19:36:23 INFO  : ps7_init is completed.
19:36:23 INFO  : ps7_post_config is completed.
19:36:23 INFO  : Processor reset is completed for ps7_cortexa9_0
19:38:50 INFO  : FPGA configured successfully with bitstream "C:/DATOS/GIT/VGA/source/vivado/hw/zybo_bsd/zybo_bsd.sdk/system_wrapper_hw_platform_0/system_wrapper.bit"
19:38:56 INFO  : ps7_init is completed.
19:38:56 INFO  : ps7_post_config is completed.
19:38:57 INFO  : Processor reset is completed for ps7_cortexa9_0
19:42:32 INFO  : ps7_cortexa9_0 Processor is in use. Please stop existing Run or Debug sessions before launching.
19:42:49 INFO  : FPGA configured successfully with bitstream "C:/DATOS/GIT/VGA/source/vivado/hw/zybo_bsd/zybo_bsd.sdk/system_wrapper_hw_platform_0/system_wrapper.bit"
19:42:56 INFO  : ps7_init is completed.
19:42:56 INFO  : ps7_post_config is completed.
19:42:56 INFO  : Processor reset is completed for ps7_cortexa9_0
19:46:56 INFO  : FPGA configured successfully with bitstream "C:/DATOS/GIT/VGA/source/vivado/hw/zybo_bsd/zybo_bsd.sdk/system_wrapper_hw_platform_0/system_wrapper.bit"
19:47:05 INFO  : ps7_init is completed.
19:47:05 INFO  : ps7_post_config is completed.
19:47:05 INFO  : Processor reset is completed for ps7_cortexa9_0
19:47:53 INFO  : FPGA configured successfully with bitstream "C:/DATOS/GIT/VGA/source/vivado/hw/zybo_bsd/zybo_bsd.sdk/system_wrapper_hw_platform_0/system_wrapper.bit"
19:48:05 INFO  : ps7_init is completed.
19:48:05 INFO  : ps7_post_config is completed.
19:48:05 INFO  : Processor reset is completed for ps7_cortexa9_0
19:53:07 INFO  : Processor reset is completed for ps7_cortexa9_0
19:57:29 INFO  : Processor reset is completed for ps7_cortexa9_0
20:16:35 INFO  : Processor reset is completed for ps7_cortexa9_0
20:17:21 INFO  : ps7_cortexa9_0 Processor is in use. Please stop existing Run or Debug sessions before launching.
20:17:35 INFO  : Processor reset is completed for ps7_cortexa9_0
20:18:14 INFO  : Processor reset is completed for ps7_cortexa9_0
20:32:17 INFO  : Processor reset is completed for ps7_cortexa9_0
20:38:16 INFO  : Processor reset is completed for ps7_cortexa9_0
20:44:59 INFO  : Processor reset is completed for ps7_cortexa9_0
20:57:29 INFO  : Processor reset is completed for ps7_cortexa9_0
20:59:45 INFO  : Processor reset is completed for ps7_cortexa9_0
21:04:52 INFO  : Processor reset is completed for ps7_cortexa9_0
21:07:15 INFO  : Processor reset is completed for ps7_cortexa9_0
21:12:17 INFO  : Processor reset is completed for ps7_cortexa9_0
21:28:40 INFO  : Processor reset is completed for ps7_cortexa9_0
21:41:00 ERROR : Unexpected error while launching program.
java.lang.RuntimeException: The program file specified in the launch configuration does not exist
	at com.xilinx.sdk.debug.core.XilinxAppLaunchConfigurationDelegate.runApplication(XilinxAppLaunchConfigurationDelegate.java:477)
	at com.xilinx.sdk.debug.core.XilinxAppLaunchConfigurationDelegate.launch(XilinxAppLaunchConfigurationDelegate.java:252)
	at com.xilinx.sdk.debug.ui.XilinxAppLaunchDelegateWrapper.launch(XilinxAppLaunchDelegateWrapper.java:31)
	at org.eclipse.debug.internal.core.LaunchConfiguration.launch(LaunchConfiguration.java:855)
	at org.eclipse.debug.internal.core.LaunchConfiguration.launch(LaunchConfiguration.java:704)
	at org.eclipse.debug.internal.ui.DebugUIPlugin.buildAndLaunch(DebugUIPlugin.java:1047)
	at org.eclipse.debug.internal.ui.DebugUIPlugin$8.run(DebugUIPlugin.java:1251)
	at org.eclipse.core.internal.jobs.Worker.run(Worker.java:54)
21:41:38 INFO  : Processor reset is completed for ps7_cortexa9_0
21:50:47 ERROR : Unable to disconnect from existing targets
java.lang.NullPointerException
	at com.xilinx.sdk.targetmanager.internal.json.XMDJSONProcess.issueCommand(XMDJSONProcess.java:144)
	at com.xilinx.sdk.targetmanager.internal.TM.disconnectTarget(TM.java:338)
	at com.xilinx.sdk.targetmanager.internal.TM.disconnectExistingTargets(TM.java:320)
	at com.xilinx.sdk.targetmanager.internal.TM.terminate(TM.java:210)
	at com.xilinx.sdk.targetmanager.TMPlugin.stop(TMPlugin.java:57)
	at org.eclipse.osgi.framework.internal.core.BundleContextImpl$2.run(BundleContextImpl.java:771)
	at java.security.AccessController.doPrivileged(Native Method)
	at org.eclipse.osgi.framework.internal.core.BundleContextImpl.stop(BundleContextImpl.java:764)
	at org.eclipse.osgi.framework.internal.core.BundleHost.stopWorker(BundleHost.java:510)
	at org.eclipse.osgi.framework.internal.core.AbstractBundle.suspend(AbstractBundle.java:566)
	at org.eclipse.osgi.framework.internal.core.Framework.suspendBundle(Framework.java:1206)
	at org.eclipse.osgi.framework.internal.core.StartLevelManager.decFWSL(StartLevelManager.java:592)
	at org.eclipse.osgi.framework.internal.core.StartLevelManager.doSetStartLevel(StartLevelManager.java:257)
	at org.eclipse.osgi.framework.internal.core.StartLevelManager.shutdown(StartLevelManager.java:215)
	at org.eclipse.osgi.framework.internal.core.InternalSystemBundle.suspend(InternalSystemBundle.java:284)
	at org.eclipse.osgi.framework.internal.core.Framework.shutdown(Framework.java:692)
	at org.eclipse.osgi.framework.internal.core.Framework.close(Framework.java:600)
	at org.eclipse.core.runtime.adaptor.EclipseStarter.shutdown(EclipseStarter.java:399)
	at org.eclipse.core.runtime.adaptor.EclipseStarter.run(EclipseStarter.java:199)
	at sun.reflect.NativeMethodAccessorImpl.invoke0(Native Method)
	at sun.reflect.NativeMethodAccessorImpl.invoke(NativeMethodAccessorImpl.java:57)
	at sun.reflect.DelegatingMethodAccessorImpl.invoke(DelegatingMethodAccessorImpl.java:43)
	at java.lang.reflect.Method.invoke(Method.java:606)
	at org.eclipse.equinox.launcher.Main.invokeFramework(Main.java:629)
	at org.eclipse.equinox.launcher.Main.basicRun(Main.java:584)
	at org.eclipse.equinox.launcher.Main.run(Main.java:1438)
21:50:47 ERROR : Unexpected error while parsing XMD response ?: com.google.gson.JsonSyntaxException: com.google.gson.stream.MalformedJsonException: invalid number or unquoted string near 
17:27:46 INFO  : Processing command line option -hwspec C:/DATOS/GIT/VGA/source/vivado/hw/zybo_bsd/zybo_bsd.sdk/system_wrapper.hdf.
17:27:47 INFO  : Checking for hwspec changes in the project system_wrapper_hw_platform_1.
17:27:51 WARN  :  [Hsm 55-1607] Software Repository Paths d:/GIT/Zybo/zybo_base_system/source/vivado/hw/lib/Digilent/axi_dispctrl_1.0 and C:/DATOS/GIT/VGA/source/vivado/hw/zybo_bsd/zybo_bsd.sdk/system_wrapper_hw_platform_1/../../../../../../lib/Digilent/axi_dispctrl_1.0 do not exist or not accessible
 [Hsm 55-1607] Software Repository Paths d:/GIT/Zybo/zybo_base_system/source/vivado/hw/lib/ADI/axi_i2s_adi_1.0 and C:/DATOS/GIT/VGA/source/vivado/hw/zybo_bsd/zybo_bsd.sdk/system_wrapper_hw_platform_1/../../../../../../lib/ADI/axi_i2s_adi_1.0 do not exist or not accessible
17:28:25 WARN  :  [Hsm 55-1607] Software Repository Paths d:/GIT/Zybo/zybo_base_system/source/vivado/hw/lib/Digilent/axi_dispctrl_1.0 and C:/DATOS/GIT/VGA/source/vivado/hw/zybo_bsd/zybo_bsd.sdk/system_wrapper_hw_platform_0/../../../../../../lib/Digilent/axi_dispctrl_1.0 do not exist or not accessible
 [Hsm 55-1607] Software Repository Paths d:/GIT/Zybo/zybo_base_system/source/vivado/hw/lib/ADI/axi_i2s_adi_1.0 and C:/DATOS/GIT/VGA/source/vivado/hw/zybo_bsd/zybo_bsd.sdk/system_wrapper_hw_platform_0/../../../../../../lib/ADI/axi_i2s_adi_1.0 do not exist or not accessible
17:28:26 WARN  :  [Hsm 55-1607] Software Repository Paths d:/GIT/Zybo/zybo_base_system/source/vivado/hw/lib/Digilent/axi_dispctrl_1.0 and C:/DATOS/GIT/VGA/source/vivado/hw/zybo_bsd/zybo_bsd.sdk/system_wrapper_hw_platform_0/../../../../../../lib/Digilent/axi_dispctrl_1.0 do not exist or not accessible
 [Hsm 55-1607] Software Repository Paths d:/GIT/Zybo/zybo_base_system/source/vivado/hw/lib/ADI/axi_i2s_adi_1.0 and C:/DATOS/GIT/VGA/source/vivado/hw/zybo_bsd/zybo_bsd.sdk/system_wrapper_hw_platform_0/../../../../../../lib/ADI/axi_i2s_adi_1.0 do not exist or not accessible
17:28:38 INFO  : FPGA configured successfully with bitstream "C:/DATOS/GIT/VGA/source/vivado/hw/zybo_bsd/zybo_bsd.sdk/system_wrapper_hw_platform_0/system_wrapper.bit"
17:28:45 INFO  : ps7_init is completed.
17:28:45 INFO  : ps7_post_config is completed.
17:28:45 INFO  : Processor reset is completed for ps7_cortexa9_0
17:56:27 INFO  : FPGA configured successfully with bitstream "C:/DATOS/GIT/VGA/source/vivado/hw/zybo_bsd/zybo_bsd.sdk/system_wrapper_hw_platform_0/system_wrapper.bit"
17:57:31 INFO  : ps7_init is completed.
17:57:31 INFO  : ps7_post_config is completed.
17:57:31 INFO  : Processor reset is completed for ps7_cortexa9_0
18:23:00 INFO  : Processor reset is completed for ps7_cortexa9_0
18:31:17 INFO  : Processor reset is completed for ps7_cortexa9_0
18:47:13 ERROR : Unexpected error while parsing XMD response ?: com.google.gson.JsonSyntaxException: com.google.gson.stream.MalformedJsonException: invalid number or unquoted string near 
11:26:00 INFO  : Processing command line option -hwspec C:/DATOS/GIT/VGA/source/vivado/hw/zybo_bsd/zybo_bsd.sdk/system_wrapper.hdf.
11:26:01 INFO  : Checking for hwspec changes in the project system_wrapper_hw_platform_1.
11:26:46 WARN  :  [Hsm 55-1607] Software Repository Paths d:/GIT/Zybo/zybo_base_system/source/vivado/hw/lib/Digilent/axi_dispctrl_1.0 and C:/DATOS/GIT/VGA/source/vivado/hw/zybo_bsd/zybo_bsd.sdk/system_wrapper_hw_platform_0/../../../../../../lib/Digilent/axi_dispctrl_1.0 do not exist or not accessible
 [Hsm 55-1607] Software Repository Paths d:/GIT/Zybo/zybo_base_system/source/vivado/hw/lib/ADI/axi_i2s_adi_1.0 and C:/DATOS/GIT/VGA/source/vivado/hw/zybo_bsd/zybo_bsd.sdk/system_wrapper_hw_platform_0/../../../../../../lib/ADI/axi_i2s_adi_1.0 do not exist or not accessible
11:26:47 WARN  :  [Hsm 55-1607] Software Repository Paths d:/GIT/Zybo/zybo_base_system/source/vivado/hw/lib/Digilent/axi_dispctrl_1.0 and C:/DATOS/GIT/VGA/source/vivado/hw/zybo_bsd/zybo_bsd.sdk/system_wrapper_hw_platform_0/../../../../../../lib/Digilent/axi_dispctrl_1.0 do not exist or not accessible
 [Hsm 55-1607] Software Repository Paths d:/GIT/Zybo/zybo_base_system/source/vivado/hw/lib/ADI/axi_i2s_adi_1.0 and C:/DATOS/GIT/VGA/source/vivado/hw/zybo_bsd/zybo_bsd.sdk/system_wrapper_hw_platform_0/../../../../../../lib/ADI/axi_i2s_adi_1.0 do not exist or not accessible
11:26:56 INFO  : FPGA configured successfully with bitstream "C:/DATOS/GIT/VGA/source/vivado/hw/zybo_bsd/zybo_bsd.sdk/system_wrapper_hw_platform_0/system_wrapper.bit"
11:27:52 INFO  : ps7_init is completed.
11:27:52 INFO  : ps7_post_config is completed.
11:27:52 INFO  : Processor reset is completed for ps7_cortexa9_0
11:28:27 INFO  : Processor reset is completed for ps7_cortexa9_0
11:34:24 ERROR : Unexpected error while parsing XMD response ?: com.google.gson.JsonSyntaxException: com.google.gson.stream.MalformedJsonException: invalid number or unquoted string near 
